2025-04-23 17:52:32,306 - market_structure.bot - INFO - Bot starting...
2025-04-23 17:52:32,721 - market_structure.bot - INFO - OrderSend result: OrderSendResult(retcode=10009, deal=4203333628, order=4207363760, volume=0.1, price=8512.0, bid=8511.8, ask=8512.0, comment='Request executed', request_id=1551983969, retcode_external=0, request=TradeRequest(action=1, magic=123456, order=0, symbol='Step Index', volume=0.1, price=8511.9, stoplimit=0.0, sl=8510.110714285714, tp=8515.478571428572, deviation=0, type=0, type_filling=0, type_time=0, expiration=0, comment='market structure bot', position=0, position_by=0))
2025-04-23 17:53:33,758 - market_structure.bot - INFO - OrderSend result: OrderSendResult(retcode=10009, deal=4203335831, order=4207366000, volume=0.1, price=8511.5, bid=8511.3, ask=8511.5, comment='Request executed', request_id=1551983971, retcode_external=0, request=TradeRequest(action=1, magic=123456, order=0, symbol='Step Index', volume=0.1, price=8511.7, stoplimit=0.0, sl=8509.942857142858, tp=8515.214285714286, deviation=0, type=0, type_filling=0, type_time=0, expiration=0, comment='market structure bot', position=0, position_by=0))
2025-04-23 18:16:21,898 - market_structure.bot - INFO - Bot starting...
2025-04-23 18:16:22,781 - market_structure.bot - INFO - Position 4207366000 moved to break-even: SL=8511.6
2025-04-23 18:16:22,783 - market_structure.bot - ERROR - Error partially closing position 4207366000: 10014
2025-04-23 18:23:23,811 - market_structure.bot - INFO - OrderSend result: OrderSendResult(retcode=10009, deal=4203387079, order=4207418026, volume=0.1, price=8514.1, bid=8513.9, ask=8514.1, comment='Request executed', request_id=1551983974, retcode_external=0, request=TradeRequest(action=1, magic=123456, order=0, symbol='Step Index', volume=0.1, price=8514.0, stoplimit=0.0, sl=8512.5, tp=8517.0, deviation=0, type=0, type_filling=0, type_time=0, expiration=0, comment='market structure bot', position=0, position_by=0))
2025-04-23 18:25:24,792 - market_structure.bot - INFO - OrderSend result: OrderSendResult(retcode=10009, deal=4203390450, order=4207421449, volume=0.1, price=8514.2, bid=8514.0, ask=8514.2, comment='Request executed', request_id=1551983975, retcode_external=0, request=TradeRequest(action=1, magic=123456, order=0, symbol='Step Index', volume=0.1, price=8514.3, stoplimit=0.0, sl=8512.8, tp=8517.3, deviation=0, type=0, type_filling=0, type_time=0, expiration=0, comment='market structure bot', position=0, position_by=0))
2025-04-23 18:28:25,784 - market_structure.bot - INFO - Position 4207418026 moved to break-even: SL=8514.2
2025-04-23 18:28:25,784 - market_structure.bot - ERROR - Error partially closing position 4207418026: 10014
2025-04-23 18:28:26,785 - market_structure.bot - INFO - Position 4207421449 moved to break-even: SL=8514.300000000001
2025-04-23 18:28:26,786 - market_structure.bot - ERROR - Error partially closing position 4207421449: 10014
2025-04-23 18:28:27,791 - market_structure.bot - INFO - OrderSend result: OrderSendResult(retcode=10009, deal=4203395485, order=4207426572, volume=0.1, price=8515.7, bid=8515.5, ask=8515.7, comment='Request executed', request_id=1551983978, retcode_external=0, request=TradeRequest(action=1, magic=123456, order=0, symbol='Step Index', volume=0.1, price=8515.6, stoplimit=0.0, sl=8514.142857142857, tp=8518.514285714287, deviation=0, type=0, type_filling=0, type_time=0, expiration=0, comment='market structure bot', position=0, position_by=0))
2025-04-23 18:29:27,792 - market_structure.bot - ERROR - Error partially closing position 4207418026: 10014
2025-04-23 18:29:27,792 - market_structure.bot - ERROR - Error partially closing position 4207421449: 10014
2025-04-23 18:29:28,789 - market_structure.bot - INFO - Position 4207426572 moved to break-even: SL=8515.800000000001
2025-04-23 18:29:28,790 - market_structure.bot - ERROR - Error partially closing position 4207426572: 10014
2025-04-23 18:29:29,771 - market_structure.bot - INFO - OrderSend result: OrderSendResult(retcode=10009, deal=4203396603, order=4207427732, volume=0.1, price=8517.3, bid=8517.1, ask=8517.3, comment='Request executed', request_id=1551983980, retcode_external=0, request=TradeRequest(action=1, magic=123456, order=0, symbol='Step Index', volume=0.1, price=8517.2, stoplimit=0.0, sl=8515.625, tp=8520.350000000002, deviation=0, type=0, type_filling=0, type_time=0, expiration=0, comment='market structure bot', position=0, position_by=0))
2025-04-23 18:30:29,773 - market_structure.bot - ERROR - Error partially closing position 4207426572: 10014
2025-04-23 18:30:30,802 - market_structure.bot - INFO - OrderSend result: OrderSendResult(retcode=10009, deal=4203397823, order=4207429006, volume=0.1, price=8517.6, bid=8517.4, ask=8517.6, comment='Request executed', request_id=1551983981, retcode_external=0, request=TradeRequest(action=1, magic=123456, order=0, symbol='Step Index', volume=0.1, price=8517.8, stoplimit=0.0, sl=8516.20357142857, tp=8520.992857142857, deviation=0, type=0, type_filling=0, type_time=0, expiration=0, comment='market structure bot', position=0, position_by=0))
2025-04-23 18:31:30,805 - market_structure.bot - ERROR - Error partially closing position 4207426572: 10014
2025-04-23 18:31:31,775 - market_structure.bot - INFO - OrderSend result: OrderSendResult(retcode=10009, deal=4203399149, order=4207430375, volume=0.1, price=8517.5, bid=8517.3, ask=8517.5, comment='Request executed', request_id=1551983982, retcode_external=0, request=TradeRequest(action=1, magic=123456, order=0, symbol='Step Index', volume=0.1, price=8517.4, stoplimit=0.0, sl=8515.846428571427, tp=8520.507142857143, deviation=0, type=0, type_filling=0, type_time=0, expiration=0, comment='market structure bot', position=0, position_by=0))
2025-04-23 18:32:31,777 - market_structure.bot - ERROR - Error partially closing position 4207426572: 10014
2025-04-23 18:32:32,785 - market_structure.bot - INFO - OrderSend result: OrderSendResult(retcode=10009, deal=4203400153, order=4207431401, volume=0.1, price=8517.0, bid=8516.8, ask=8517.0, comment='Request executed', request_id=1551983983, retcode_external=0, request=TradeRequest(action=1, magic=123456, order=0, symbol='Step Index', volume=0.1, price=8517.1, stoplimit=0.0, sl=8515.503571428571, tp=8520.292857142858, deviation=0, type=0, type_filling=0, type_time=0, expiration=0, comment='market structure bot', position=0, position_by=0))
2025-04-23 18:39:32,842 - market_structure.bot - ERROR - Error moving position 4207431401 to break-even: 10016
2025-04-23 18:39:33,779 - market_structure.bot - INFO - OrderSend result: OrderSendResult(retcode=10009, deal=4203408136, order=4207439756, volume=0.1, price=8517.7, bid=8517.5, ask=8517.7, comment='Request executed', request_id=1551983985, retcode_external=0, request=TradeRequest(action=1, magic=123456, order=0, symbol='Step Index', volume=0.1, price=8517.8, stoplimit=0.0, sl=8516.182142857142, tp=8521.035714285714, deviation=0, type=0, type_filling=0, type_time=0, expiration=0, comment='market structure bot', position=0, position_by=0))
2025-04-23 18:40:34,785 - market_structure.bot - INFO - OrderSend result: OrderSendResult(retcode=10009, deal=4203409410, order=4207441061, volume=0.1, price=8517.0, bid=8516.8, ask=8517.0, comment='Request executed', request_id=1551983986, retcode_external=0, request=TradeRequest(action=1, magic=123456, order=0, symbol='Step Index', volume=0.1, price=8517.1, stoplimit=0.0, sl=8515.514285714286, tp=8520.271428571428, deviation=0, type=0, type_filling=0, type_time=0, expiration=0, comment='market structure bot', position=0, position_by=0))
2025-04-23 18:42:35,783 - market_structure.bot - INFO - OrderSend result: OrderSendResult(retcode=10009, deal=4203411942, order=4207443687, volume=0.1, price=8517.5, bid=8517.3, ask=8517.5, comment='Request executed', request_id=1551983987, retcode_external=0, request=TradeRequest(action=1, magic=123456, order=0, symbol='Step Index', volume=0.1, price=8517.4, stoplimit=0.0, sl=8515.921428571428, tp=8520.357142857143, deviation=0, type=0, type_filling=0, type_time=0, expiration=0, comment='market structure bot', position=0, position_by=0))
2025-04-23 18:45:36,786 - market_structure.bot - INFO - OrderSend result: OrderSendResult(retcode=10009, deal=4203417012, order=4207448940, volume=0.1, price=8515.2, bid=8515.2, ask=8515.4, comment='Request executed', request_id=1551983988, retcode_external=0, request=TradeRequest(action=1, magic=123456, order=0, symbol='Step Index', volume=0.1, price=8515.1, stoplimit=0.0, sl=8516.589285714286, tp=8512.121428571429, deviation=0, type=1, type_filling=0, type_time=0, expiration=0, comment='market structure bot', position=0, position_by=0))
2025-04-23 18:46:37,788 - market_structure.bot - INFO - OrderSend result: OrderSendResult(retcode=10009, deal=4203418263, order=4207450216, volume=0.1, price=8515.3, bid=8515.3, ask=8515.5, comment='Request executed', request_id=1551983989, retcode_external=0, request=TradeRequest(action=1, magic=123456, order=0, symbol='Step Index', volume=0.1, price=8515.4, stoplimit=0.0, sl=8516.846428571429, tp=8512.507142857143, deviation=0, type=1, type_filling=0, type_time=0, expiration=0, comment='market structure bot', position=0, position_by=0))
2025-04-23 18:48:38,777 - market_structure.bot - INFO - OrderSend result: OrderSendResult(retcode=10009, deal=4203421192, order=4207453182, volume=0.1, price=8516.8, bid=8516.6, ask=8516.8, comment='Request executed', request_id=1551983990, retcode_external=0, request=TradeRequest(action=1, magic=123456, order=0, symbol='Step Index', volume=0.1, price=8516.9, stoplimit=0.0, sl=8515.357142857143, tp=8519.985714285714, deviation=0, type=0, type_filling=0, type_time=0, expiration=0, comment='market structure bot', position=0, position_by=0))
2025-04-23 18:49:39,783 - market_structure.bot - INFO - OrderSend result: OrderSendResult(retcode=10009, deal=4203422704, order=4207454731, volume=0.1, price=8517.1, bid=8516.9, ask=8517.1, comment='Request executed', request_id=1551983991, retcode_external=0, request=TradeRequest(action=1, magic=123456, order=0, symbol='Step Index', volume=0.1, price=8517.2, stoplimit=0.0, sl=8515.689285714287, tp=8520.221428571429, deviation=0, type=0, type_filling=0, type_time=0, expiration=0, comment='market structure bot', position=0, position_by=0))
2025-04-23 18:50:40,798 - market_structure.bot - INFO - OrderSend result: OrderSendResult(retcode=10009, deal=4203423940, order=4207456003, volume=0.1, price=8517.4, bid=8517.2, ask=8517.4, comment='Request executed', request_id=1551983992, retcode_external=0, request=TradeRequest(action=1, magic=123456, order=0, symbol='Step Index', volume=0.1, price=8517.3, stoplimit=0.0, sl=8515.767857142857, tp=8520.364285714286, deviation=0, type=0, type_filling=0, type_time=0, expiration=0, comment='market structure bot', position=0, position_by=0))
2025-04-23 18:52:40,805 - market_structure.bot - ERROR - Error moving position 4207453182 to break-even: 10016
2025-04-23 18:52:41,783 - market_structure.bot - INFO - OrderSend result: OrderSendResult(retcode=10009, deal=4203426927, order=4207459074, volume=0.1, price=8517.9, bid=8517.7, ask=8517.9, comment='Request executed', request_id=1551983993, retcode_external=0, request=TradeRequest(action=1, magic=123456, order=0, symbol='Step Index', volume=0.1, price=8517.8, stoplimit=0.0, sl=8516.192857142856, tp=8521.014285714286, deviation=0, type=0, type_filling=0, type_time=0, expiration=0, comment='market structure bot', position=0, position_by=0))
2025-04-23 18:53:42,787 - market_structure.bot - INFO - Position 4207453182 moved to break-even: SL=8516.9
2025-04-23 18:53:42,787 - market_structure.bot - ERROR - Error partially closing position 4207453182: 10014
2025-04-23 18:53:43,779 - market_structure.bot - INFO - OrderSend result: OrderSendResult(retcode=10009, deal=4203427940, order=4207460118, volume=0.1, price=8517.9, bid=8517.7, ask=8517.9, comment='Request executed', request_id=1551983995, retcode_external=0, request=TradeRequest(action=1, magic=123456, order=0, symbol='Step Index', volume=0.1, price=8518.0, stoplimit=0.0, sl=8516.435714285713, tp=8521.128571428571, deviation=0, type=0, type_filling=0, type_time=0, expiration=0, comment='market structure bot', position=0, position_by=0))
2025-04-23 18:54:44,779 - market_structure.bot - INFO - OrderSend result: OrderSendResult(retcode=10009, deal=4203428986, order=4207461176, volume=0.1, price=8517.6, bid=8517.4, ask=8517.6, comment='Request executed', request_id=1551983996, retcode_external=0, request=TradeRequest(action=1, magic=123456, order=0, symbol='Step Index', volume=0.1, price=8517.7, stoplimit=0.0, sl=8516.125, tp=8520.85, deviation=0, type=0, type_filling=0, type_time=0, expiration=0, comment='market structure bot', position=0, position_by=0))
2025-04-23 18:55:45,786 - market_structure.bot - INFO - OrderSend result: OrderSendResult(retcode=10009, deal=4203430304, order=4207462503, volume=0.1, price=8516.9, bid=8516.7, ask=8516.9, comment='Request executed', request_id=1551983997, retcode_external=0, request=TradeRequest(action=1, magic=123456, order=0, symbol='Step Index', volume=0.1, price=8517.0, stoplimit=0.0, sl=8515.489285714286, tp=8520.021428571428, deviation=0, type=0, type_filling=0, type_time=0, expiration=0, comment='market structure bot', position=0, position_by=0))
2025-04-23 18:57:46,777 - market_structure.bot - INFO - OrderSend result: OrderSendResult(retcode=10009, deal=4203433217, order=4207465466, volume=0.1, price=8517.2, bid=8517.0, ask=8517.2, comment='Request executed', request_id=1551983998, retcode_external=0, request=TradeRequest(action=1, magic=123456, order=0, symbol='Step Index', volume=0.1, price=8517.1, stoplimit=0.0, sl=8515.578571428572, tp=8520.142857142857, deviation=0, type=0, type_filling=0, type_time=0, expiration=0, comment='market structure bot', position=0, position_by=0))
2025-04-23 18:58:47,769 - market_structure.bot - INFO - OrderSend result: OrderSendResult(retcode=10009, deal=4203434643, order=4207466932, volume=0.1, price=8517.3, bid=8517.1, ask=8517.3, comment='Request executed', request_id=1551983999, retcode_external=0, request=TradeRequest(action=1, magic=123456, order=0, symbol='Step Index', volume=0.1, price=8517.2, stoplimit=0.0, sl=8515.689285714287, tp=8520.221428571429, deviation=0, type=0, type_filling=0, type_time=0, expiration=0, comment='market structure bot', position=0, position_by=0))
2025-04-23 18:59:47,889 - market_structure.bot - ERROR - Error moving position 4207462503 to break-even: 10016
2025-04-23 18:59:47,890 - market_structure.bot - ERROR - Error moving position 4207465466 to break-even: 10016
2025-04-23 18:59:48,782 - market_structure.bot - INFO - OrderSend result: OrderSendResult(retcode=10009, deal=4203435828, order=4207468150, volume=0.1, price=8517.8, bid=8517.6, ask=8517.8, comment='Request executed', request_id=1551984001, retcode_external=0, request=TradeRequest(action=1, magic=123456, order=0, symbol='Step Index', volume=0.1, price=8517.9, stoplimit=0.0, sl=8516.292857142857, tp=8521.114285714286, deviation=0, type=0, type_filling=0, type_time=0, expiration=0, comment='market structure bot', position=0, position_by=0))
2025-04-23 19:01:49,743 - market_structure.bot - INFO - OrderSend result: OrderSendResult(retcode=10009, deal=4203439347, order=4207471720, volume=0.1, price=8517.1, bid=8516.9, ask=8517.1, comment='Request executed', request_id=1551984002, retcode_external=0, request=TradeRequest(action=1, magic=123456, order=0, symbol='Step Index', volume=0.1, price=8517.0, stoplimit=0.0, sl=8515.521428571428, tp=8519.957142857143, deviation=0, type=0, type_filling=0, type_time=0, expiration=0, comment='market structure bot', position=0, position_by=0))
2025-04-23 19:02:50,761 - market_structure.bot - INFO - OrderSend result: OrderSendResult(retcode=10009, deal=4203440537, order=4207472986, volume=0.1, price=8517.6, bid=8517.4, ask=8517.6, comment='Request executed', request_id=1551984003, retcode_external=0, request=TradeRequest(action=1, magic=123456, order=0, symbol='Step Index', volume=0.1, price=8517.4, stoplimit=0.0, sl=8515.921428571428, tp=8520.357142857143, deviation=0, type=0, type_filling=0, type_time=0, expiration=0, comment='market structure bot', position=0, position_by=0))
2025-04-23 19:03:51,781 - market_structure.bot - INFO - OrderSend result: OrderSendResult(retcode=10009, deal=4203442049, order=4207474532, volume=0.1, price=8515.5, bid=8515.5, ask=8515.7, comment='Request executed', request_id=1551984010, retcode_external=0, request=TradeRequest(action=1, magic=123456, order=0, symbol='Step Index', volume=0.1, price=8515.4, stoplimit=0.0, sl=8517.028571428571, tp=8512.142857142857, deviation=0, type=1, type_filling=0, type_time=0, expiration=0, comment='market structure bot', position=0, position_by=0))
2025-04-23 19:04:52,793 - market_structure.bot - INFO - OrderSend result: OrderSendResult(retcode=10009, deal=4203443416, order=4207475966, volume=0.1, price=8515.4, bid=8515.4, ask=8515.6, comment='Request executed', request_id=1551984011, retcode_external=0, request=TradeRequest(action=1, magic=123456, order=0, symbol='Step Index', volume=0.1, price=8515.3, stoplimit=0.0, sl=8516.917857142857, tp=8512.064285714285, deviation=0, type=1, type_filling=0, type_time=0, expiration=0, comment='market structure bot', position=0, position_by=0))
2025-04-23 19:05:53,776 - market_structure.bot - INFO - OrderSend result: OrderSendResult(retcode=10009, deal=4203444730, order=4207477331, volume=0.1, price=8515.5, bid=8515.5, ask=8515.7, comment='Request executed', request_id=1551984012, retcode_external=0, request=TradeRequest(action=1, magic=123456, order=0, symbol='Step Index', volume=0.1, price=8515.6, stoplimit=0.0, sl=8517.19642857143, tp=8512.407142857144, deviation=0, type=1, type_filling=0, type_time=0, expiration=0, comment='market structure bot', position=0, position_by=0))
2025-04-23 19:08:50,750 - market_structure.bot - INFO - Configured timeframes: ['TIMEFRAME_H4', 'TIMEFRAME_M30', 'TIMEFRAME_M15', 'TIMEFRAME_M1']
2025-04-23 19:08:50,750 - market_structure.bot - WARNING - No valid timeframes found in configuration. Using TIMEFRAME_M15 as default.
2025-04-23 19:08:51,186 - market_structure.bot - INFO - Configured timeframes: ['TIMEFRAME_H4', 'TIMEFRAME_M30', 'TIMEFRAME_M15', 'TIMEFRAME_M1']
2025-04-23 19:08:51,186 - market_structure.bot - WARNING - No valid timeframes found in configuration. Using TIMEFRAME_M15 as default.
2025-04-23 19:09:14,985 - market_structure.bot - INFO - Configured timeframes: ['TIMEFRAME_H4', 'TIMEFRAME_M30', 'TIMEFRAME_M15', 'TIMEFRAME_M1']
2025-04-23 19:09:14,985 - market_structure.bot - WARNING - No valid timeframes found in configuration. Using TIMEFRAME_M15 as default.
2025-04-23 19:09:15,474 - market_structure.bot - INFO - Configured timeframes: ['TIMEFRAME_H4', 'TIMEFRAME_M30', 'TIMEFRAME_M15', 'TIMEFRAME_M1']
2025-04-23 19:09:15,475 - market_structure.bot - WARNING - No valid timeframes found in configuration. Using TIMEFRAME_M15 as default.
2025-04-23 19:09:25,499 - market_structure.bot - INFO - Bot starting...
2025-04-23 19:17:25,807 - market_structure.bot - INFO - OrderSend result: OrderSendResult(retcode=10009, deal=4203461727, order=4207494620, volume=0.2, price=8517.1, bid=8516.9, ask=8517.1, comment='Request executed', request_id=1551984013, retcode_external=0, request=TradeRequest(action=1, magic=123456, order=0, symbol='Step Index', volume=0.2, price=8517.2, stoplimit=0.0, sl=8510.900000000001, tp=8529.8, deviation=0, type=0, type_filling=0, type_time=0, expiration=0, comment='market structure bot', position=0, position_by=0))
2025-04-23 20:41:26,781 - market_structure.bot - INFO - OrderSend result: OrderSendResult(retcode=10009, deal=4203582359, order=4207618137, volume=0.2, price=8503.8, bid=8503.8, ask=8504.0, comment='Request executed', request_id=1551984014, retcode_external=0, request=TradeRequest(action=1, magic=123456, order=0, symbol='Step Index', volume=0.2, price=8503.7, stoplimit=0.0, sl=8509.957142857143, tp=8491.185714285717, deviation=0, type=1, type_filling=0, type_time=0, expiration=0, comment='market structure bot', position=0, position_by=0))
2025-04-23 20:43:27,778 - market_structure.bot - INFO - OrderSend result: OrderSendResult(retcode=10009, deal=4203585498, order=4207621303, volume=0.2, price=8503.9, bid=8503.9, ask=8504.1, comment='Request executed', request_id=1551984015, retcode_external=0, request=TradeRequest(action=1, magic=123456, order=0, symbol='Step Index', volume=0.2, price=8503.7, stoplimit=0.0, sl=8509.978571428572, tp=8491.142857142859, deviation=0, type=1, type_filling=0, type_time=0, expiration=0, comment='market structure bot', position=0, position_by=0))
2025-04-23 20:47:28,822 - market_structure.bot - INFO - OrderSend result: OrderSendResult(retcode=10009, deal=4203591087, order=4207626917, volume=0.2, price=8503.6, bid=8503.6, ask=8503.8, comment='Request executed', request_id=1551984016, retcode_external=0, request=TradeRequest(action=1, magic=123456, order=0, symbol='Step Index', volume=0.2, price=8503.7, stoplimit=0.0, sl=8509.657142857142, tp=8491.785714285716, deviation=0, type=1, type_filling=0, type_time=0, expiration=0, comment='market structure bot', position=0, position_by=0))
2025-04-23 20:48:28,824 - market_structure.bot - ERROR - Error moving position 4207618137 to break-even: 10016
2025-04-23 20:48:29,779 - market_structure.bot - INFO - Position 4207621303 moved to break-even: SL=8503.8
2025-04-23 20:48:30,865 - market_structure.bot - INFO - Position 4207621303 partially closed: 0.1 lots
2025-04-23 20:48:30,865 - market_structure.bot - ERROR - Error moving position 4207626917 to break-even: 10016
2025-04-23 20:48:31,792 - market_structure.bot - INFO - OrderSend result: OrderSendResult(retcode=10009, deal=4203593452, order=4207629322, volume=0.2, price=8502.5, bid=8502.5, ask=8502.7, comment='Request executed', request_id=1551984019, retcode_external=0, request=TradeRequest(action=1, magic=123456, order=0, symbol='Step Index', volume=0.2, price=8502.6, stoplimit=0.0, sl=8508.642857142857, tp=8490.514285714287, deviation=0, type=1, type_filling=0, type_time=0, expiration=0, comment='market structure bot', position=0, position_by=0))
2025-04-23 20:49:32,813 - market_structure.bot - INFO - Position 4207618137 moved to break-even: SL=8503.699999999999
2025-04-23 20:49:33,782 - market_structure.bot - INFO - Position 4207618137 partially closed: 0.1 lots
2025-04-23 20:49:34,805 - market_structure.bot - INFO - Position 4207626917 moved to break-even: SL=8503.5
2025-04-23 20:49:35,797 - market_structure.bot - INFO - Position 4207626917 partially closed: 0.1 lots
2025-04-23 20:49:36,811 - market_structure.bot - INFO - OrderSend result: OrderSendResult(retcode=10009, deal=4203595605, order=4207631488, volume=0.2, price=8502.0, bid=8502.0, ask=8502.2, comment='Request executed', request_id=1551984024, retcode_external=0, request=TradeRequest(action=1, magic=123456, order=0, symbol='Step Index', volume=0.2, price=8501.9, stoplimit=0.0, sl=8508.039285714285, tp=8489.62142857143, deviation=0, type=1, type_filling=0, type_time=0, expiration=0, comment='market structure bot', position=0, position_by=0))
2025-04-23 20:50:37,787 - market_structure.bot - INFO - OrderSend result: OrderSendResult(retcode=10009, deal=4203597152, order=4207633065, volume=0.2, price=8502.5, bid=8502.5, ask=8502.7, comment='Request executed', request_id=1551984025, retcode_external=0, request=TradeRequest(action=1, magic=123456, order=0, symbol='Step Index', volume=0.2, price=8502.4, stoplimit=0.0, sl=8508.539285714285, tp=8490.12142857143, deviation=0, type=1, type_filling=0, type_time=0, expiration=0, comment='market structure bot', position=0, position_by=0))
2025-04-23 20:51:38,813 - market_structure.bot - INFO - OrderSend result: OrderSendResult(retcode=10009, deal=4203598767, order=4207634695, volume=0.2, price=8503.2, bid=8503.2, ask=8503.4, comment='Request executed', request_id=1551984026, retcode_external=0, request=TradeRequest(action=1, magic=123456, order=0, symbol='Step Index', volume=0.2, price=8503.2, stoplimit=0.0, sl=8509.339285714286, tp=8490.92142857143, deviation=0, type=1, type_filling=0, type_time=0, expiration=0, comment='market structure bot', position=0, position_by=0))
2025-04-23 20:55:39,811 - market_structure.bot - INFO - OrderSend result: OrderSendResult(retcode=10009, deal=4203605048, order=4207641030, volume=0.2, price=8503.5, bid=8503.5, ask=8503.7, comment='Request executed', request_id=1551984027, retcode_external=0, request=TradeRequest(action=1, magic=123456, order=0, symbol='Step Index', volume=0.2, price=8503.6, stoplimit=0.0, sl=8509.739285714286, tp=8491.321428571431, deviation=0, type=1, type_filling=0, type_time=0, expiration=0, comment='market structure bot', position=0, position_by=0))
2025-04-23 20:56:40,792 - market_structure.bot - INFO - Position 4207634695 moved to break-even: SL=8503.1
2025-04-23 20:56:41,804 - market_structure.bot - INFO - Position 4207634695 partially closed: 0.1 lots
2025-04-23 20:56:42,803 - market_structure.bot - INFO - Position 4207641030 moved to break-even: SL=8503.4
2025-04-23 20:56:43,808 - market_structure.bot - INFO - Position 4207641030 partially closed: 0.1 lots
2025-04-23 20:56:44,847 - market_structure.bot - INFO - OrderSend result: OrderSendResult(retcode=10009, deal=4203606596, order=4207642594, volume=0.2, price=8502.2, bid=8502.2, ask=8502.4, comment='Request executed', request_id=1551984032, retcode_external=0, request=TradeRequest(action=1, magic=123456, order=0, symbol='Step Index', volume=0.2, price=8502.1, stoplimit=0.0, sl=8508.239285714286, tp=8489.821428571431, deviation=0, type=1, type_filling=0, type_time=0, expiration=0, comment='market structure bot', position=0, position_by=0))
2025-04-23 20:57:44,848 - market_structure.bot - ERROR - Error moving position 4207629322 to break-even: 10016
2025-04-23 20:57:44,849 - market_structure.bot - ERROR - Error moving position 4207633065 to break-even: 10016
2025-04-23 20:57:45,793 - market_structure.bot - INFO - OrderSend result: OrderSendResult(retcode=10009, deal=4203607922, order=4207643952, volume=0.2, price=8501.7, bid=8501.7, ask=8501.9, comment='Request executed', request_id=1551984033, retcode_external=0, request=TradeRequest(action=1, magic=123456, order=0, symbol='Step Index', volume=0.2, price=8501.6, stoplimit=0.0, sl=8507.792857142857, tp=8489.214285714288, deviation=0, type=1, type_filling=0, type_time=0, expiration=0, comment='market structure bot', position=0, position_by=0))
2025-04-23 20:58:46,784 - market_structure.bot - INFO - Position 4207629322 moved to break-even: SL=8502.4
2025-04-23 20:58:47,795 - market_structure.bot - INFO - Position 4207629322 partially closed: 0.1 lots
2025-04-23 20:58:47,796 - market_structure.bot - ERROR - Error moving position 4207631488 to break-even: 10016
2025-04-23 20:58:48,800 - market_structure.bot - INFO - Position 4207633065 moved to break-even: SL=8502.4
2025-04-23 20:58:49,794 - market_structure.bot - INFO - Position 4207633065 partially closed: 0.1 lots
2025-04-23 20:58:50,801 - market_structure.bot - INFO - Position 4207642594 moved to break-even: SL=8502.1
2025-04-23 20:58:51,788 - market_structure.bot - INFO - OrderSend result: OrderSendResult(retcode=10009, deal=4203609685, order=4207645742, volume=0.2, price=8501.3, bid=8501.3, ask=8501.5, comment='Request executed', request_id=1551984039, retcode_external=0, request=TradeRequest(action=1, magic=123456, order=0, symbol='Step Index', volume=0.2, price=8501.2, stoplimit=0.0, sl=8507.435714285715, tp=8488.728571428574, deviation=0, type=1, type_filling=0, type_time=0, expiration=0, comment='market structure bot', position=0, position_by=0))
2025-04-23 20:59:52,802 - market_structure.bot - INFO - OrderSend result: OrderSendResult(retcode=10009, deal=4203611003, order=4207647097, volume=0.2, price=8502.8, bid=8502.8, ask=8503.0, comment='Request executed', request_id=1551984040, retcode_external=0, request=TradeRequest(action=1, magic=123456, order=0, symbol='Step Index', volume=0.2, price=8502.9, stoplimit=0.0, sl=8509.135714285714, tp=8490.428571428572, deviation=0, type=1, type_filling=0, type_time=0, expiration=0, comment='market structure bot', position=0, position_by=0))
2025-04-23 21:00:53,746 - market_structure.bot - INFO - OrderSend result: OrderSendResult(retcode=10009, deal=4203612684, order=4207648812, volume=0.2, price=8502.1, bid=8502.1, ask=8502.3, comment='Request executed', request_id=1551984041, retcode_external=0, request=TradeRequest(action=1, magic=123456, order=0, symbol='Step Index', volume=0.2, price=8502.2, stoplimit=0.0, sl=8508.07142857143, tp=8490.457142857145, deviation=0, type=1, type_filling=0, type_time=0, expiration=0, comment='market structure bot', position=0, position_by=0))
2025-04-23 21:01:53,747 - market_structure.bot - ERROR - Error moving position 4207647097 to break-even: 10016
2025-04-23 21:01:54,789 - market_structure.bot - INFO - OrderSend result: OrderSendResult(retcode=10009, deal=4203614146, order=4207650280, volume=0.2, price=8501.8, bid=8501.8, ask=8502.0, comment='Request executed', request_id=1551984042, retcode_external=0, request=TradeRequest(action=1, magic=123456, order=0, symbol='Step Index', volume=0.2, price=8501.8, stoplimit=0.0, sl=8507.789285714285, tp=8489.82142857143, deviation=0, type=1, type_filling=0, type_time=0, expiration=0, comment='market structure bot', position=0, position_by=0))
2025-04-23 21:02:55,817 - market_structure.bot - INFO - Position 4207631488 moved to break-even: SL=8501.9
2025-04-23 21:02:56,822 - market_structure.bot - INFO - Position 4207631488 partially closed: 0.1 lots
2025-04-23 21:02:56,822 - market_structure.bot - ERROR - Error moving position 4207643952 to break-even: 10016
2025-04-23 21:02:57,797 - market_structure.bot - INFO - Position 4207647097 moved to break-even: SL=8502.699999999999
2025-04-23 21:02:58,803 - market_structure.bot - INFO - Position 4207647097 partially closed: 0.1 lots
2025-04-23 21:02:59,817 - market_structure.bot - INFO - Position 4207648812 moved to break-even: SL=8502.0
2025-04-23 21:02:59,818 - market_structure.bot - ERROR - Error moving position 4207650280 to break-even: 10016
2025-04-23 21:03:00,789 - market_structure.bot - INFO - OrderSend result: OrderSendResult(retcode=10009, deal=4203615770, order=4207651921, volume=0.2, price=8501.0, bid=8501.0, ask=8501.2, comment='Request executed', request_id=1551984048, retcode_external=0, request=TradeRequest(action=1, magic=123456, order=0, symbol='Step Index', volume=0.2, price=8501.1, stoplimit=0.0, sl=8507.121428571429, tp=8489.057142857144, deviation=0, type=1, type_filling=0, type_time=0, expiration=0, comment='market structure bot', position=0, position_by=0))
2025-04-23 21:04:01,784 - market_structure.bot - INFO - OrderSend result: OrderSendResult(retcode=10009, deal=4203616972, order=4207653170, volume=0.2, price=8502.5, bid=8502.5, ask=8502.7, comment='Request executed', request_id=1551984049, retcode_external=0, request=TradeRequest(action=1, magic=123456, order=0, symbol='Step Index', volume=0.2, price=8502.5, stoplimit=0.0, sl=8508.521428571428, tp=8490.457142857143, deviation=0, type=1, type_filling=0, type_time=0, expiration=0, comment='market structure bot', position=0, position_by=0))
2025-04-23 21:05:02,807 - market_structure.bot - INFO - Position 4207653170 moved to break-even: SL=8502.4
2025-04-23 21:05:03,827 - market_structure.bot - INFO - Position 4207653170 partially closed: 0.1 lots
2025-04-23 21:05:04,800 - market_structure.bot - INFO - OrderSend result: OrderSendResult(retcode=10009, deal=4203618139, order=4207654384, volume=0.2, price=8500.8, bid=8500.8, ask=8501.0, comment='Request executed', request_id=1551984052, retcode_external=0, request=TradeRequest(action=1, magic=123456, order=0, symbol='Step Index', volume=0.2, price=8500.9, stoplimit=0.0, sl=8506.921428571428, tp=8488.857142857143, deviation=0, type=1, type_filling=0, type_time=0, expiration=0, comment='market structure bot', position=0, position_by=0))
2025-04-23 21:06:04,801 - market_structure.bot - ERROR - Error moving position 4207643952 to break-even: 10016
2025-04-23 21:06:04,801 - market_structure.bot - ERROR - Error moving position 4207650280 to break-even: 10016
2025-04-23 21:06:05,795 - market_structure.bot - INFO - OrderSend result: OrderSendResult(retcode=10009, deal=4203619490, order=4207655770, volume=0.2, price=8500.9, bid=8500.9, ask=8501.1, comment='Request executed', request_id=1551984053, retcode_external=0, request=TradeRequest(action=1, magic=123456, order=0, symbol='Step Index', volume=0.2, price=8500.9, stoplimit=0.0, sl=8506.974999999999, tp=8488.75, deviation=0, type=1, type_filling=0, type_time=0, expiration=0, comment='market structure bot', position=0, position_by=0))
2025-04-23 21:07:05,797 - market_structure.bot - ERROR - Error moving position 4207650280 to break-even: 10016
2025-04-23 21:07:06,804 - market_structure.bot - INFO - OrderSend result: OrderSendResult(retcode=10009, deal=4203620807, order=4207657108, volume=0.2, price=8501.2, bid=8501.2, ask=8501.4, comment='Request executed', request_id=1551984054, retcode_external=0, request=TradeRequest(action=1, magic=123456, order=0, symbol='Step Index', volume=0.2, price=8501.1, stoplimit=0.0, sl=8507.175, tp=8488.95, deviation=0, type=1, type_filling=0, type_time=0, expiration=0, comment='market structure bot', position=0, position_by=0))
2025-04-23 21:08:06,806 - market_structure.bot - ERROR - Error moving position 4207643952 to break-even: 10016
2025-04-23 21:08:06,808 - market_structure.bot - ERROR - Error moving position 4207650280 to break-even: 10016
2025-04-23 21:08:07,808 - market_structure.bot - INFO - OrderSend result: OrderSendResult(retcode=10009, deal=4203621643, order=4207657977, volume=0.2, price=8500.9, bid=8500.9, ask=8501.1, comment='Request executed', request_id=1551984055, retcode_external=0, request=TradeRequest(action=1, magic=123456, order=0, symbol='Step Index', volume=0.2, price=8501.0, stoplimit=0.0, sl=8507.074999999999, tp=8488.85, deviation=0, type=1, type_filling=0, type_time=0, expiration=0, comment='market structure bot', position=0, position_by=0))
2025-04-23 21:09:08,822 - market_structure.bot - INFO - Position 4207643952 moved to break-even: SL=8501.6
2025-04-23 21:09:09,791 - market_structure.bot - INFO - Position 4207643952 partially closed: 0.1 lots
2025-04-23 21:09:10,808 - market_structure.bot - INFO - Position 4207645742 moved to break-even: SL=8501.199999999999
2025-04-23 21:09:11,794 - market_structure.bot - INFO - Position 4207645742 partially closed: 0.1 lots
2025-04-23 21:09:12,800 - market_structure.bot - INFO - Position 4207650280 moved to break-even: SL=8501.699999999999
2025-04-23 21:09:13,789 - market_structure.bot - INFO - Position 4207650280 partially closed: 0.1 lots
2025-04-23 21:09:14,804 - market_structure.bot - INFO - Position 4207651921 moved to break-even: SL=8500.9
2025-04-23 21:09:14,806 - market_structure.bot - ERROR - Error moving position 4207654384 to break-even: 10016
2025-04-23 21:09:15,823 - market_structure.bot - INFO - Position 4207655770 moved to break-even: SL=8500.8
2025-04-23 21:09:16,799 - market_structure.bot - INFO - Position 4207657108 moved to break-even: SL=8501.1
2025-04-23 21:09:17,791 - market_structure.bot - INFO - Position 4207657108 partially closed: 0.1 lots
2025-04-23 21:09:17,792 - market_structure.bot - ERROR - Error moving position 4207657977 to break-even: 10016
2025-04-23 21:09:18,811 - market_structure.bot - INFO - OrderSend result: OrderSendResult(retcode=10009, deal=4203623282, order=4207659628, volume=0.2, price=8500.0, bid=8500.0, ask=8500.2, comment='Request executed', request_id=1551984066, retcode_external=0, request=TradeRequest(action=1, magic=123456, order=0, symbol='Step Index', volume=0.2, price=8499.9, stoplimit=0.0, sl=8506.039285714285, tp=8487.621428571429, deviation=0, type=1, type_filling=0, type_time=0, expiration=0, comment='market structure bot', position=0, position_by=0))
2025-04-23 21:10:18,813 - market_structure.bot - ERROR - Error moving position 4207657977 to break-even: 10016
2025-04-23 21:10:19,801 - market_structure.bot - INFO - OrderSend result: OrderSendResult(retcode=10009, deal=4203624551, order=4207660924, volume=0.2, price=8500.1, bid=8500.1, ask=8500.3, comment='Request executed', request_id=1551984067, retcode_external=0, request=TradeRequest(action=1, magic=123456, order=0, symbol='Step Index', volume=0.2, price=8500.2, stoplimit=0.0, sl=8506.339285714286, tp=8487.92142857143, deviation=0, type=1, type_filling=0, type_time=0, expiration=0, comment='market structure bot', position=0, position_by=0))
2025-04-23 21:11:20,790 - market_structure.bot - INFO - OrderSend result: OrderSendResult(retcode=10009, deal=4203626106, order=4207662496, volume=0.2, price=8501.0, bid=8501.0, ask=8501.2, comment='Request executed', request_id=1551984068, retcode_external=0, request=TradeRequest(action=1, magic=123456, order=0, symbol='Step Index', volume=0.2, price=8500.9, stoplimit=0.0, sl=8507.039285714285, tp=8488.621428571429, deviation=0, type=1, type_filling=0, type_time=0, expiration=0, comment='market structure bot', position=0, position_by=0))
2025-04-23 21:12:21,781 - market_structure.bot - INFO - OrderSend result: OrderSendResult(retcode=10009, deal=4203627543, order=4207663950, volume=0.2, price=8500.3, bid=8500.3, ask=8500.5, comment='Request executed', request_id=1551984069, retcode_external=0, request=TradeRequest(action=1, magic=123456, order=0, symbol='Step Index', volume=0.2, price=8500.4, stoplimit=0.0, sl=8506.539285714285, tp=8488.121428571429, deviation=0, type=1, type_filling=0, type_time=0, expiration=0, comment='market structure bot', position=0, position_by=0))
2025-04-23 21:13:22,789 - market_structure.bot - INFO - Position 4207654384 moved to break-even: SL=8500.699999999999
2025-04-23 21:13:23,795 - market_structure.bot - INFO - Position 4207654384 partially closed: 0.1 lots
2025-04-23 21:13:24,797 - market_structure.bot - INFO - Position 4207657977 moved to break-even: SL=8500.8
2025-04-23 21:13:25,789 - market_structure.bot - INFO - Position 4207657977 partially closed: 0.1 lots
2025-04-23 21:13:25,790 - market_structure.bot - ERROR - Error moving position 4207659628 to break-even: 10016
2025-04-23 21:13:25,792 - market_structure.bot - ERROR - Error moving position 4207660924 to break-even: 10016
2025-04-23 21:13:26,815 - market_structure.bot - INFO - Position 4207662496 moved to break-even: SL=8500.9
2025-04-23 21:13:27,808 - market_structure.bot - INFO - Position 4207662496 partially closed: 0.1 lots
2025-04-23 21:13:27,809 - market_structure.bot - ERROR - Error moving position 4207663950 to break-even: 10016
2025-04-23 21:13:28,806 - market_structure.bot - INFO - OrderSend result: OrderSendResult(retcode=10009, deal=4203629023, order=4207665449, volume=0.2, price=8499.6, bid=8499.6, ask=8499.8, comment='Request executed', request_id=1551984076, retcode_external=0, request=TradeRequest(action=1, magic=123456, order=0, symbol='Step Index', volume=0.2, price=8499.5, stoplimit=0.0, sl=8505.682142857142, tp=8487.135714285716, deviation=0, type=1, type_filling=0, type_time=0, expiration=0, comment='market structure bot', position=0, position_by=0))
2025-04-23 21:14:28,810 - market_structure.bot - ERROR - Error moving position 4207663950 to break-even: 10016
2025-04-23 21:14:29,796 - market_structure.bot - INFO - OrderSend result: OrderSendResult(retcode=10009, deal=4203630690, order=4207667103, volume=0.2, price=8499.5, bid=8499.5, ask=8499.7, comment='Request executed', request_id=1551984077, retcode_external=0, request=TradeRequest(action=1, magic=123456, order=0, symbol='Step Index', volume=0.2, price=8499.6, stoplimit=0.0, sl=8505.782142857142, tp=8487.235714285716, deviation=0, type=1, type_filling=0, type_time=0, expiration=0, comment='market structure bot', position=0, position_by=0))
2025-04-23 21:16:30,788 - market_structure.bot - INFO - OrderSend result: OrderSendResult(retcode=10009, deal=4203634189, order=4207670683, volume=0.2, price=8500.8, bid=8500.8, ask=8501.0, comment='Request executed', request_id=1551984078, retcode_external=0, request=TradeRequest(action=1, magic=123456, order=0, symbol='Step Index', volume=0.2, price=8500.7, stoplimit=0.0, sl=8506.7, tp=8488.700000000003, deviation=0, type=1, type_filling=0, type_time=0, expiration=0, comment='market structure bot', position=0, position_by=0))
2025-04-23 21:17:31,797 - market_structure.bot - INFO - OrderSend result: OrderSendResult(retcode=10009, deal=4203636013, order=4207672512, volume=0.2, price=8501.7, bid=8501.7, ask=8501.9, comment='Request executed', request_id=1551984079, retcode_external=0, request=TradeRequest(action=1, magic=123456, order=0, symbol='Step Index', volume=0.2, price=8501.5, stoplimit=0.0, sl=8507.585714285713, tp=8489.328571428572, deviation=0, type=1, type_filling=0, type_time=0, expiration=0, comment='market structure bot', position=0, position_by=0))
2025-04-23 21:18:31,913 - market_structure.bot - ERROR - Error moving position 4207672512 to break-even: 10016
2025-04-23 21:18:32,797 - market_structure.bot - INFO - OrderSend result: OrderSendResult(retcode=10009, deal=4203637488, order=4207674029, volume=0.2, price=8500.6, bid=8500.6, ask=8500.8, comment='Request executed', request_id=1551984081, retcode_external=0, request=TradeRequest(action=1, magic=123456, order=0, symbol='Step Index', volume=0.2, price=8500.7, stoplimit=0.0, sl=8506.785714285714, tp=8488.528571428573, deviation=0, type=1, type_filling=0, type_time=0, expiration=0, comment='market structure bot', position=0, position_by=0))
2025-04-23 21:19:32,799 - market_structure.bot - ERROR - Error moving position 4207672512 to break-even: 10016
2025-04-23 21:19:33,797 - market_structure.bot - INFO - OrderSend result: OrderSendResult(retcode=10009, deal=4203638760, order=4207675326, volume=0.2, price=8500.9, bid=8500.9, ask=8501.1, comment='Request executed', request_id=1551984082, retcode_external=0, request=TradeRequest(action=1, magic=123456, order=0, symbol='Step Index', volume=0.2, price=8500.8, stoplimit=0.0, sl=8506.885714285712, tp=8488.628571428571, deviation=0, type=1, type_filling=0, type_time=0, expiration=0, comment='market structure bot', position=0, position_by=0))
2025-04-23 21:20:34,788 - market_structure.bot - INFO - Position 4207672512 moved to break-even: SL=8501.6
2025-04-23 21:20:35,779 - market_structure.bot - INFO - Position 4207672512 partially closed: 0.1 lots
2025-04-23 21:20:36,794 - market_structure.bot - INFO - OrderSend result: OrderSendResult(retcode=10009, deal=4203640002, order=4207676610, volume=0.2, price=8500.2, bid=8500.2, ask=8500.4, comment='Request executed', request_id=1551984085, retcode_external=0, request=TradeRequest(action=1, magic=123456, order=0, symbol='Step Index', volume=0.2, price=8500.4, stoplimit=0.0, sl=8506.485714285713, tp=8488.228571428572, deviation=0, type=1, type_filling=0, type_time=0, expiration=0, comment='market structure bot', position=0, position_by=0))
2025-04-23 21:22:36,800 - market_structure.bot - ERROR - Error moving position 4207660924 to break-even: 10016
2025-04-23 21:22:36,800 - market_structure.bot - ERROR - Error moving position 4207663950 to break-even: 10016
2025-04-23 21:22:37,801 - market_structure.bot - INFO - Position 4207670683 moved to break-even: SL=8500.699999999999
2025-04-23 21:22:38,806 - market_structure.bot - INFO - Position 4207670683 partially closed: 0.1 lots
2025-04-23 21:22:39,787 - market_structure.bot - INFO - Position 4207674029 moved to break-even: SL=8500.5
2025-04-23 21:22:40,797 - market_structure.bot - INFO - Position 4207675326 moved to break-even: SL=8500.8
2025-04-23 21:22:41,792 - market_structure.bot - INFO - Position 4207675326 partially closed: 0.1 lots
2025-04-23 21:23:41,796 - market_structure.bot - ERROR - Error moving position 4207659628 to break-even: 10016
2025-04-23 21:23:41,797 - market_structure.bot - ERROR - Error moving position 4207660924 to break-even: 10016
2025-04-23 21:23:42,860 - market_structure.bot - INFO - Position 4207663950 moved to break-even: SL=8500.199999999999
2025-04-23 21:23:42,861 - market_structure.bot - ERROR - Error moving position 4207676610 to break-even: 10016
2025-04-23 21:23:43,793 - market_structure.bot - INFO - OrderSend result: OrderSendResult(retcode=10009, deal=4203644079, order=4207680734, volume=0.2, price=8499.3, bid=8499.3, ask=8499.5, comment='Request executed', request_id=1551984092, retcode_external=0, request=TradeRequest(action=1, magic=123456, order=0, symbol='Step Index', volume=0.2, price=8499.2, stoplimit=0.0, sl=8505.317857142858, tp=8486.964285714288, deviation=0, type=1, type_filling=0, type_time=0, expiration=0, comment='market structure bot', position=0, position_by=0))
2025-04-23 21:24:44,824 - market_structure.bot - INFO - OrderSend result: OrderSendResult(retcode=10009, deal=4203645152, order=4207681839, volume=0.2, price=8500.0, bid=8500.0, ask=8500.2, comment='Request executed', request_id=1551984093, retcode_external=0, request=TradeRequest(action=1, magic=123456, order=0, symbol='Step Index', volume=0.2, price=8499.9, stoplimit=0.0, sl=8506.017857142857, tp=8487.664285714287, deviation=0, type=1, type_filling=0, type_time=0, expiration=0, comment='market structure bot', position=0, position_by=0))
2025-04-23 21:25:44,825 - market_structure.bot - ERROR - Error moving position 4207659628 to break-even: 10016
2025-04-23 21:25:44,826 - market_structure.bot - ERROR - Error moving position 4207660924 to break-even: 10016
2025-04-23 21:25:44,826 - market_structure.bot - ERROR - Error moving position 4207676610 to break-even: 10016
2025-04-23 21:25:44,827 - market_structure.bot - ERROR - Error moving position 4207681839 to break-even: 10016
2025-04-23 21:25:45,799 - market_structure.bot - INFO - OrderSend result: OrderSendResult(retcode=10009, deal=4203646570, order=4207683269, volume=0.2, price=8499.3, bid=8499.3, ask=8499.5, comment='Request executed', request_id=1551984094, retcode_external=0, request=TradeRequest(action=1, magic=123456, order=0, symbol='Step Index', volume=0.2, price=8499.2, stoplimit=0.0, sl=8505.317857142858, tp=8486.964285714288, deviation=0, type=1, type_filling=0, type_time=0, expiration=0, comment='market structure bot', position=0, position_by=0))
2025-04-23 21:26:45,801 - market_structure.bot - ERROR - Error moving position 4207659628 to break-even: 10016
2025-04-23 21:26:46,789 - market_structure.bot - INFO - Position 4207660924 moved to break-even: SL=8500.0
2025-04-23 21:26:47,793 - market_structure.bot - INFO - Position 4207676610 moved to break-even: SL=8500.1
2025-04-23 21:26:47,794 - market_structure.bot - ERROR - Error moving position 4207681839 to break-even: 10016
2025-04-23 21:26:48,800 - market_structure.bot - INFO - OrderSend result: OrderSendResult(retcode=10009, deal=4203648154, order=4207684880, volume=0.2, price=8499.2, bid=8499.2, ask=8499.4, comment='Request executed', request_id=1551984097, retcode_external=0, request=TradeRequest(action=1, magic=123456, order=0, symbol='Step Index', volume=0.2, price=8499.1, stoplimit=0.0, sl=8505.228571428572, tp=8486.84285714286, deviation=0, type=1, type_filling=0, type_time=0, expiration=0, comment='market structure bot', position=0, position_by=0))
2025-04-23 21:27:49,791 - market_structure.bot - INFO - Position 4207659628 moved to break-even: SL=8499.9
2025-04-23 21:27:50,798 - market_structure.bot - INFO - Position 4207659628 partially closed: 0.1 lots
2025-04-23 21:27:51,794 - market_structure.bot - INFO - Position 4207660924 partially closed: 0.1 lots
2025-04-23 21:27:51,795 - market_structure.bot - ERROR - Error moving position 4207665449 to break-even: 10016
2025-04-23 21:27:51,796 - market_structure.bot - ERROR - Error moving position 4207667103 to break-even: 10016
2025-04-23 21:27:52,786 - market_structure.bot - INFO - Position 4207676610 partially closed: 0.1 lots
2025-04-23 21:27:53,802 - market_structure.bot - INFO - Position 4207681839 moved to break-even: SL=8499.9
2025-04-23 21:28:53,824 - market_structure.bot - ERROR - Error moving position 4207665449 to break-even: 10016
2025-04-23 21:28:53,826 - market_structure.bot - ERROR - Error moving position 4207667103 to break-even: 10016
2025-04-23 21:28:54,810 - market_structure.bot - INFO - Position 4207681839 partially closed: 0.1 lots
2025-04-23 21:28:54,811 - market_structure.bot - ERROR - Error moving position 4207683269 to break-even: 10016
2025-04-23 21:29:55,805 - market_structure.bot - INFO - Position 4207665449 moved to break-even: SL=8499.5
2025-04-23 21:29:55,805 - market_structure.bot - ERROR - Error moving position 4207667103 to break-even: 10016
2025-04-23 21:29:55,806 - market_structure.bot - ERROR - Error moving position 4207680734 to break-even: 10016
2025-04-23 21:29:55,807 - market_structure.bot - ERROR - Error moving position 4207683269 to break-even: 10016
2025-04-23 21:29:55,808 - market_structure.bot - ERROR - Error moving position 4207684880 to break-even: 10016
2025-04-23 21:30:56,780 - market_structure.bot - INFO - Position 4207665449 partially closed: 0.1 lots
2025-04-23 21:30:57,799 - market_structure.bot - INFO - Position 4207667103 moved to break-even: SL=8499.4
2025-04-23 21:30:58,810 - market_structure.bot - INFO - Position 4207667103 partially closed: 0.1 lots
2025-04-23 21:30:59,792 - market_structure.bot - INFO - Position 4207680734 moved to break-even: SL=8499.199999999999
2025-04-23 21:31:00,795 - market_structure.bot - INFO - Position 4207680734 partially closed: 0.1 lots
2025-04-23 21:31:01,808 - market_structure.bot - INFO - Position 4207683269 moved to break-even: SL=8499.199999999999
2025-04-23 21:31:02,793 - market_structure.bot - INFO - Position 4207683269 partially closed: 0.1 lots
2025-04-23 21:31:03,798 - market_structure.bot - INFO - Position 4207684880 moved to break-even: SL=8499.1
2025-04-23 21:31:04,799 - market_structure.bot - INFO - Position 4207684880 partially closed: 0.1 lots
2025-04-23 21:40:05,804 - market_structure.bot - INFO - OrderSend result: OrderSendResult(retcode=10009, deal=4203665264, order=4207702236, volume=0.2, price=8500.1, bid=8500.1, ask=8500.3, comment='Request executed', request_id=1551984114, retcode_external=0, request=TradeRequest(action=1, magic=123456, order=0, symbol='Step Index', volume=0.2, price=8500.2, stoplimit=0.0, sl=8506.575, tp=8487.450000000003, deviation=0, type=1, type_filling=0, type_time=0, expiration=0, comment='market structure bot', position=0, position_by=0))
2025-04-23 21:41:05,805 - market_structure.bot - ERROR - Error moving position 4207702236 to break-even: 10016
2025-04-23 21:41:06,802 - market_structure.bot - INFO - OrderSend result: OrderSendResult(retcode=10009, deal=4203666602, order=4207703559, volume=0.2, price=8499.2, bid=8499.2, ask=8499.4, comment='Request executed', request_id=1551984115, retcode_external=0, request=TradeRequest(action=1, magic=123456, order=0, symbol='Step Index', volume=0.2, price=8499.1, stoplimit=0.0, sl=8505.560714285713, tp=8486.178571428572, deviation=0, type=1, type_filling=0, type_time=0, expiration=0, comment='market structure bot', position=0, position_by=0))
2025-04-23 21:42:07,791 - market_structure.bot - INFO - Position 4207702236 moved to break-even: SL=8500.0
2025-04-23 21:42:08,793 - market_structure.bot - INFO - Position 4207702236 partially closed: 0.1 lots
2025-04-23 21:42:09,797 - market_structure.bot - INFO - Position 4207703559 moved to break-even: SL=8499.1
2025-04-23 21:42:10,802 - market_structure.bot - INFO - Position 4207703559 partially closed: 0.1 lots
2025-04-23 21:42:11,807 - market_structure.bot - INFO - OrderSend result: OrderSendResult(retcode=10009, deal=4203668036, order=4207705003, volume=0.2, price=8497.5, bid=8497.5, ask=8497.7, comment='Request executed', request_id=1551984120, retcode_external=0, request=TradeRequest(action=1, magic=123456, order=0, symbol='Step Index', volume=0.2, price=8497.6, stoplimit=0.0, sl=8504.060714285713, tp=8484.678571428572, deviation=0, type=1, type_filling=0, type_time=0, expiration=0, comment='market structure bot', position=0, position_by=0))
2025-04-23 21:43:12,790 - market_structure.bot - INFO - OrderSend result: OrderSendResult(retcode=10009, deal=4203669242, order=4207706226, volume=0.2, price=8498.0, bid=8498.0, ask=8498.2, comment='Request executed', request_id=1551984121, retcode_external=0, request=TradeRequest(action=1, magic=123456, order=0, symbol='Step Index', volume=0.2, price=8497.9, stoplimit=0.0, sl=8504.360714285713, tp=8484.978571428572, deviation=0, type=1, type_filling=0, type_time=0, expiration=0, comment='market structure bot', position=0, position_by=0))
2025-04-23 21:44:13,812 - market_structure.bot - INFO - OrderSend result: OrderSendResult(retcode=10009, deal=4203670473, order=4207707476, volume=0.2, price=8497.7, bid=8497.7, ask=8497.9, comment='Request executed', request_id=1551984122, retcode_external=0, request=TradeRequest(action=1, magic=123456, order=0, symbol='Step Index', volume=0.2, price=8497.6, stoplimit=0.0, sl=8504.060714285713, tp=8484.678571428572, deviation=0, type=1, type_filling=0, type_time=0, expiration=0, comment='market structure bot', position=0, position_by=0))
2025-04-23 21:45:13,814 - market_structure.bot - ERROR - Error moving position 4207706226 to break-even: 10016
2025-04-23 21:45:14,811 - market_structure.bot - INFO - OrderSend result: OrderSendResult(retcode=10009, deal=4203671821, order=4207708840, volume=0.2, price=8497.2, bid=8497.2, ask=8497.4, comment='Request executed', request_id=1551984123, retcode_external=0, request=TradeRequest(action=1, magic=123456, order=0, symbol='Step Index', volume=0.2, price=8497.3, stoplimit=0.0, sl=8503.20357142857, tp=8485.492857142857, deviation=0, type=1, type_filling=0, type_time=0, expiration=0, comment='market structure bot', position=0, position_by=0))
2025-04-23 21:46:15,816 - market_structure.bot - INFO - Position 4207705003 moved to break-even: SL=8497.4
2025-04-23 21:46:16,817 - market_structure.bot - INFO - Position 4207705003 partially closed: 0.1 lots
2025-04-23 21:46:17,809 - market_structure.bot - INFO - Position 4207706226 moved to break-even: SL=8497.9
2025-04-23 21:46:18,814 - market_structure.bot - INFO - Position 4207706226 partially closed: 0.1 lots
2025-04-23 21:46:19,796 - market_structure.bot - INFO - Position 4207707476 moved to break-even: SL=8497.6
2025-04-23 21:46:20,797 - market_structure.bot - INFO - Position 4207707476 partially closed: 0.1 lots
2025-04-23 21:46:20,799 - market_structure.bot - ERROR - Error moving position 4207708840 to break-even: 10016
2025-04-23 21:46:21,788 - market_structure.bot - INFO - OrderSend result: OrderSendResult(retcode=10009, deal=4203673005, order=4207710026, volume=0.2, price=8496.3, bid=8496.3, ask=8496.5, comment='Request executed', request_id=1551984130, retcode_external=0, request=TradeRequest(action=1, magic=123456, order=0, symbol='Step Index', volume=0.2, price=8496.2, stoplimit=0.0, sl=8502.221428571429, tp=8484.157142857144, deviation=0, type=1, type_filling=0, type_time=0, expiration=0, comment='market structure bot', position=0, position_by=0))
2025-04-23 21:47:22,810 - market_structure.bot - INFO - OrderSend result: OrderSendResult(retcode=10009, deal=4203674176, order=4207711187, volume=0.2, price=8497.2, bid=8497.2, ask=8497.4, comment='Request executed', request_id=1551984131, retcode_external=0, request=TradeRequest(action=1, magic=123456, order=0, symbol='Step Index', volume=0.2, price=8497.1, stoplimit=0.0, sl=8503.121428571429, tp=8485.057142857144, deviation=0, type=1, type_filling=0, type_time=0, expiration=0, comment='market structure bot', position=0, position_by=0))
2025-04-23 21:48:22,813 - market_structure.bot - ERROR - Error moving position 4207708840 to break-even: 10016
2025-04-23 21:48:22,814 - market_structure.bot - ERROR - Error moving position 4207711187 to break-even: 10016
2025-04-23 21:48:23,796 - market_structure.bot - INFO - OrderSend result: OrderSendResult(retcode=10009, deal=4203675689, order=4207712732, volume=0.2, price=8496.5, bid=8496.5, ask=8496.7, comment='Request executed', request_id=1551984132, retcode_external=0, request=TradeRequest(action=1, magic=123456, order=0, symbol='Step Index', volume=0.2, price=8496.5, stoplimit=0.0, sl=8502.521428571428, tp=8484.457142857143, deviation=0, type=1, type_filling=0, type_time=0, expiration=0, comment='market structure bot', position=0, position_by=0))
2025-04-23 21:49:24,813 - market_structure.bot - INFO - Position 4207708840 moved to break-even: SL=8497.1
2025-04-23 21:49:25,799 - market_structure.bot - INFO - Position 4207708840 partially closed: 0.1 lots
2025-04-23 21:49:26,784 - market_structure.bot - INFO - Position 4207711187 moved to break-even: SL=8497.1
2025-04-23 21:49:27,814 - market_structure.bot - INFO - Position 4207711187 partially closed: 0.1 lots
2025-04-23 21:49:27,815 - market_structure.bot - ERROR - Error moving position 4207712732 to break-even: 10016
2025-04-23 21:49:28,810 - market_structure.bot - INFO - OrderSend result: OrderSendResult(retcode=10009, deal=4203677170, order=4207714250, volume=0.2, price=8495.6, bid=8495.6, ask=8495.8, comment='Request executed', request_id=1551984137, retcode_external=0, request=TradeRequest(action=1, magic=123456, order=0, symbol='Step Index', volume=0.2, price=8495.7, stoplimit=0.0, sl=8501.742857142857, tp=8483.614285714288, deviation=0, type=1, type_filling=0, type_time=0, expiration=0, comment='market structure bot', position=0, position_by=0))
2025-04-23 21:51:28,816 - market_structure.bot - ERROR - Error moving position 4207710026 to break-even: 10016
2025-04-23 21:51:28,817 - market_structure.bot - ERROR - Error moving position 4207712732 to break-even: 10016
2025-04-23 21:52:29,829 - market_structure.bot - INFO - Position 4207710026 moved to break-even: SL=8496.199999999999
2025-04-23 21:52:30,830 - market_structure.bot - INFO - Position 4207710026 partially closed: 0.1 lots
2025-04-23 21:52:31,805 - market_structure.bot - INFO - Position 4207712732 moved to break-even: SL=8496.4
2025-04-23 21:52:32,817 - market_structure.bot - INFO - Position 4207712732 partially closed: 0.1 lots
2025-04-23 21:52:33,803 - market_structure.bot - INFO - Position 4207714250 moved to break-even: SL=8495.5
2025-04-23 21:52:34,793 - market_structure.bot - INFO - Position 4207714250 partially closed: 0.1 lots
2025-04-23 21:53:35,810 - market_structure.bot - INFO - OrderSend result: OrderSendResult(retcode=10009, deal=4203681977, order=4207719127, volume=0.2, price=8492.5, bid=8492.5, ask=8492.7, comment='Request executed', request_id=1551984144, retcode_external=0, request=TradeRequest(action=1, magic=123456, order=0, symbol='Step Index', volume=0.2, price=8492.6, stoplimit=0.0, sl=8498.975, tp=8479.850000000002, deviation=0, type=1, type_filling=0, type_time=0, expiration=0, comment='market structure bot', position=0, position_by=0))
2025-04-23 21:54:36,801 - market_structure.bot - INFO - OrderSend result: OrderSendResult(retcode=10009, deal=4203683073, order=4207720257, volume=0.2, price=8493.2, bid=8493.2, ask=8493.4, comment='Request executed', request_id=1551984145, retcode_external=0, request=TradeRequest(action=1, magic=123456, order=0, symbol='Step Index', volume=0.2, price=8493.3, stoplimit=0.0, sl=8499.707142857142, tp=8480.485714285714, deviation=0, type=1, type_filling=0, type_time=0, expiration=0, comment='market structure bot', position=0, position_by=0))
2025-04-23 21:55:36,805 - market_structure.bot - ERROR - Error moving position 4207720257 to break-even: 10016
2025-04-23 21:55:37,805 - market_structure.bot - INFO - OrderSend result: OrderSendResult(retcode=10009, deal=4203684290, order=4207721510, volume=0.2, price=8492.1, bid=8492.1, ask=8492.3, comment='Request executed', request_id=1551984146, retcode_external=0, request=TradeRequest(action=1, magic=123456, order=0, symbol='Step Index', volume=0.2, price=8492.2, stoplimit=0.0, sl=8498.607142857143, tp=8479.385714285716, deviation=0, type=1, type_filling=0, type_time=0, expiration=0, comment='market structure bot', position=0, position_by=0))
2025-04-23 21:56:38,791 - market_structure.bot - INFO - OrderSend result: OrderSendResult(retcode=10009, deal=4203685865, order=4207723133, volume=0.2, price=8493.8, bid=8493.8, ask=8494.0, comment='Request executed', request_id=1551984147, retcode_external=0, request=TradeRequest(action=1, magic=123456, order=0, symbol='Step Index', volume=0.2, price=8493.9, stoplimit=0.0, sl=8500.32857142857, tp=8481.042857142858, deviation=0, type=1, type_filling=0, type_time=0, expiration=0, comment='market structure bot', position=0, position_by=0))
2025-04-23 21:57:39,800 - market_structure.bot - INFO - OrderSend result: OrderSendResult(retcode=10009, deal=4203687318, order=4207724603, volume=0.2, price=8493.5, bid=8493.5, ask=8493.7, comment='Request executed', request_id=1551984148, retcode_external=0, request=TradeRequest(action=1, magic=123456, order=0, symbol='Step Index', volume=0.2, price=8493.6, stoplimit=0.0, sl=8500.028571428571, tp=8480.742857142859, deviation=0, type=1, type_filling=0, type_time=0, expiration=0, comment='market structure bot', position=0, position_by=0))
2025-04-23 21:58:40,827 - market_structure.bot - INFO - OrderSend result: OrderSendResult(retcode=10009, deal=4203688381, order=4207725671, volume=0.2, price=8493.6, bid=8493.6, ask=8493.8, comment='Request executed', request_id=1551984149, retcode_external=0, request=TradeRequest(action=1, magic=123456, order=0, symbol='Step Index', volume=0.2, price=8493.7, stoplimit=0.0, sl=8500.128571428571, tp=8480.84285714286, deviation=0, type=1, type_filling=0, type_time=0, expiration=0, comment='market structure bot', position=0, position_by=0))
2025-04-23 21:59:40,828 - market_structure.bot - INFO - Bot stopping...
