2025-04-24 06:44:42,913 - market_structure.bot - INFO - Configured timeframes: ['TIMEFRAME_H4', 'TIMEFRAME_M30', 'TIMEFRAME_M15', 'TIMEFRAME_M1']
2025-04-24 06:44:42,913 - market_structure.bot - WARNING - No valid timeframes found in configuration. Using TIMEFRAME_M15 as default.
2025-04-24 06:44:58,512 - market_structure.bot - INFO - Configured timeframes: ['TIMEFRAME_H4', 'TIMEFRAME_M30', 'TIMEFRAME_M15', 'TIMEFRAME_M1']
2025-04-24 06:44:58,512 - market_structure.bot - WARNING - No valid timeframes found in configuration. Using TIMEFRAME_M15 as default.
2025-04-24 06:44:58,973 - market_structure.bot - INFO - Configured timeframes: ['TIMEFRAME_H4', 'TIMEFRAME_M30', 'TIMEFRAME_M15', 'TIMEFRAME_M1']
2025-04-24 06:44:58,973 - market_structure.bot - WARNING - No valid timeframes found in configuration. Using TIMEFRAME_M15 as default.
2025-04-24 06:45:08,673 - market_structure.bot - INFO - Bot starting...
2025-04-24 06:46:14,030 - market_structure.bot - INFO - Configured timeframes: ['TIMEFRAME_H4', 'TIMEFRAME_M30', 'TIMEFRAME_M15', 'TIMEFRAME_M1']
2025-04-24 06:46:14,030 - market_structure.bot - WARNING - No valid timeframes found in configuration. Using TIMEFRAME_M15 as default.
2025-04-24 06:46:14,542 - market_structure.bot - INFO - Configured timeframes: ['TIMEFRAME_H4', 'TIMEFRAME_M30', 'TIMEFRAME_M15', 'TIMEFRAME_M1']
2025-04-24 06:46:14,542 - market_structure.bot - WARNING - No valid timeframes found in configuration. Using TIMEFRAME_M15 as default.
2025-04-24 06:49:11,432 - market_structure.bot - INFO - Configured timeframes: ['TIMEFRAME_H4', 'TIMEFRAME_M30', 'TIMEFRAME_M15', 'TIMEFRAME_M1']
2025-04-24 06:49:11,432 - market_structure.bot - WARNING - No valid timeframes found in configuration. Using TIMEFRAME_M15 as default.
2025-04-24 06:49:13,040 - market_structure.bot - INFO - Configured timeframes: ['TIMEFRAME_H4', 'TIMEFRAME_M30', 'TIMEFRAME_M15', 'TIMEFRAME_M1']
2025-04-24 06:49:13,041 - market_structure.bot - WARNING - No valid timeframes found in configuration. Using TIMEFRAME_M15 as default.
2025-04-24 06:50:18,421 - market_structure.bot - INFO - Configured timeframes: ['TIMEFRAME_H4', 'TIMEFRAME_M30', 'TIMEFRAME_M15', 'TIMEFRAME_M1']
2025-04-24 06:50:18,422 - market_structure.bot - WARNING - No valid timeframes found in configuration. Using TIMEFRAME_M15 as default.
2025-04-24 06:50:18,960 - market_structure.bot - INFO - Configured timeframes: ['TIMEFRAME_H4', 'TIMEFRAME_M30', 'TIMEFRAME_M15', 'TIMEFRAME_M1']
2025-04-24 06:50:18,960 - market_structure.bot - WARNING - No valid timeframes found in configuration. Using TIMEFRAME_M15 as default.
2025-04-24 06:52:27,234 - market_structure.bot - INFO - Bot starting...
2025-04-24 06:53:00,886 - market_structure.bot - INFO - Configured timeframes: ['TIMEFRAME_H4', 'TIMEFRAME_M30', 'TIMEFRAME_M15', 'TIMEFRAME_M1']
2025-04-24 06:53:22,686 - market_structure.bot - INFO - Configured timeframes: ['TIMEFRAME_H4', 'TIMEFRAME_M30', 'TIMEFRAME_M15', 'TIMEFRAME_M1']
2025-04-24 06:53:50,479 - market_structure.bot - INFO - Bot starting...
2025-04-24 06:53:50,848 - market_structure.bot - INFO - OrderSend result: OrderSendResult(retcode=10009, deal=4204120695, order=4208160725, volume=0.2, price=8469.8, bid=8469.8, ask=8470.0, comment='Request executed', request_id=1551984151, retcode_external=0, request=TradeRequest(action=1, magic=123456, order=0, symbol='Step Index', volume=0.2, price=8469.9, stoplimit=0.0, sl=8471.507142857143, tp=8466.685714285713, deviation=0, type=1, type_filling=0, type_time=0, expiration=0, comment='market structure bot', position=0, position_by=0))
2025-04-24 06:54:51,838 - market_structure.bot - INFO - OrderSend result: OrderSendResult(retcode=10009, deal=4204121232, order=4208161269, volume=0.2, price=8470.1, bid=8470.1, ask=8470.3, comment='Request executed', request_id=1551984152, retcode_external=0, request=TradeRequest(action=1, magic=123456, order=0, symbol='Step Index', volume=0.2, price=8470.2, stoplimit=0.0, sl=8471.79642857143, tp=8467.007142857143, deviation=0, type=1, type_filling=0, type_time=0, expiration=0, comment='market structure bot', position=0, position_by=0))
2025-04-24 06:55:52,874 - market_structure.bot - INFO - OrderSend result: OrderSendResult(retcode=10009, deal=4204121771, order=4208161821, volume=0.2, price=8470.0, bid=8470.0, ask=8470.2, comment='Request executed', request_id=1551984153, retcode_external=0, request=TradeRequest(action=1, magic=123456, order=0, symbol='Step Index', volume=0.2, price=8469.9, stoplimit=0.0, sl=8471.485714285714, tp=8466.728571428572, deviation=0, type=1, type_filling=0, type_time=0, expiration=0, comment='market structure bot', position=0, position_by=0))
2025-04-24 06:56:53,847 - market_structure.bot - INFO - OrderSend result: OrderSendResult(retcode=10009, deal=4204122207, order=4208162235, volume=0.2, price=8470.7, bid=8470.7, ask=8470.9, comment='Request executed', request_id=1551984154, retcode_external=0, request=TradeRequest(action=1, magic=123456, order=0, symbol='Step Index', volume=0.2, price=8470.8, stoplimit=0.0, sl=8472.375, tp=8467.65, deviation=0, type=1, type_filling=0, type_time=0, expiration=0, comment='market structure bot', position=0, position_by=0))
2025-04-24 06:57:54,841 - market_structure.bot - INFO - OrderSend result: OrderSendResult(retcode=10009, deal=4204122624, order=4208162657, volume=0.2, price=8470.0, bid=8470.0, ask=8470.2, comment='Request executed', request_id=1551984155, retcode_external=0, request=TradeRequest(action=1, magic=123456, order=0, symbol='Step Index', volume=0.2, price=8470.1, stoplimit=0.0, sl=8471.632142857143, tp=8467.035714285714, deviation=0, type=1, type_filling=0, type_time=0, expiration=0, comment='market structure bot', position=0, position_by=0))
2025-04-24 06:58:55,830 - market_structure.bot - INFO - OrderSend result: OrderSendResult(retcode=10009, deal=4204123188, order=4208163231, volume=0.2, price=8470.9, bid=8470.9, ask=8471.1, comment='Request executed', request_id=1551984156, retcode_external=0, request=TradeRequest(action=1, magic=123456, order=0, symbol='Step Index', volume=0.2, price=8470.8, stoplimit=0.0, sl=8472.342857142856, tp=8467.714285714284, deviation=0, type=1, type_filling=0, type_time=0, expiration=0, comment='market structure bot', position=0, position_by=0))
2025-04-24 06:59:56,858 - market_structure.bot - INFO - OrderSend result: OrderSendResult(retcode=10009, deal=4204123766, order=4208163806, volume=0.2, price=8471.6, bid=8471.6, ask=8471.8, comment='Request executed', request_id=1551984157, retcode_external=0, request=TradeRequest(action=1, magic=123456, order=0, symbol='Step Index', volume=0.2, price=8471.5, stoplimit=0.0, sl=8473.05357142857, tp=8468.392857142857, deviation=0, type=1, type_filling=0, type_time=0, expiration=0, comment='market structure bot', position=0, position_by=0))
2025-04-24 07:00:57,832 - market_structure.bot - INFO - OrderSend result: OrderSendResult(retcode=10009, deal=4204124687, order=4208164746, volume=0.2, price=8471.7, bid=8471.7, ask=8471.9, comment='Request executed', request_id=1551984158, retcode_external=0, request=TradeRequest(action=1, magic=123456, order=0, symbol='Step Index', volume=0.2, price=8471.6, stoplimit=0.0, sl=8473.04642857143, tp=8468.707142857143, deviation=0, type=1, type_filling=0, type_time=0, expiration=0, comment='market structure bot', position=0, position_by=0))
2025-04-24 07:01:58,874 - market_structure.bot - INFO - OrderSend result: OrderSendResult(retcode=10009, deal=4204125753, order=4208165814, volume=0.2, price=8471.2, bid=8471.2, ask=8471.4, comment='Request executed', request_id=1551984159, retcode_external=0, request=TradeRequest(action=1, magic=123456, order=0, symbol='Step Index', volume=0.2, price=8471.2, stoplimit=0.0, sl=8472.592857142858, tp=8468.414285714287, deviation=0, type=1, type_filling=0, type_time=0, expiration=0, comment='market structure bot', position=0, position_by=0))
2025-04-24 07:02:58,876 - market_structure.bot - ERROR - Error moving position 4208163806 to break-even: 10016
2025-04-24 07:02:58,876 - market_structure.bot - ERROR - Error moving position 4208164746 to break-even: 10016
2025-04-24 07:03:58,882 - market_structure.bot - ERROR - Error moving position 4208164746 to break-even: 10016
2025-04-24 07:04:59,853 - market_structure.bot - INFO - OrderSend result: OrderSendResult(retcode=10009, deal=4204127438, order=4208167531, volume=0.2, price=8471.9, bid=8471.9, ask=8472.1, comment='Request executed', request_id=1551984160, retcode_external=0, request=TradeRequest(action=1, magic=123456, order=0, symbol='Step Index', volume=0.2, price=8472.0, stoplimit=0.0, sl=8473.403571428571, tp=8469.192857142858, deviation=0, type=1, type_filling=0, type_time=0, expiration=0, comment='market structure bot', position=0, position_by=0))
2025-04-24 07:05:59,855 - market_structure.bot - ERROR - Error moving position 4208167531 to break-even: 10016
2025-04-24 07:06:00,852 - market_structure.bot - INFO - OrderSend result: OrderSendResult(retcode=10009, deal=4204128097, order=4208168204, volume=0.2, price=8471.2, bid=8471.2, ask=8471.4, comment='Request executed', request_id=1551984161, retcode_external=0, request=TradeRequest(action=1, magic=123456, order=0, symbol='Step Index', volume=0.2, price=8471.1, stoplimit=0.0, sl=8472.514285714286, tp=8468.27142857143, deviation=0, type=1, type_filling=0, type_time=0, expiration=0, comment='market structure bot', position=0, position_by=0))
2025-04-24 07:07:01,844 - market_structure.bot - INFO - OrderSend result: OrderSendResult(retcode=10009, deal=4204128755, order=4208168867, volume=0.2, price=8472.5, bid=8472.5, ask=8472.7, comment='Request executed', request_id=1551984162, retcode_external=0, request=TradeRequest(action=1, magic=123456, order=0, symbol='Step Index', volume=0.2, price=8472.6, stoplimit=0.0, sl=8474.003571428571, tp=8469.792857142858, deviation=0, type=1, type_filling=0, type_time=0, expiration=0, comment='market structure bot', position=0, position_by=0))
2025-04-24 07:08:02,849 - market_structure.bot - INFO - OrderSend result: OrderSendResult(retcode=10009, deal=4204129540, order=4208169653, volume=0.2, price=8472.4, bid=8472.4, ask=8472.6, comment='Request executed', request_id=1551984163, retcode_external=0, request=TradeRequest(action=1, magic=123456, order=0, symbol='Step Index', volume=0.2, price=8472.6, stoplimit=0.0, sl=8473.992857142857, tp=8469.814285714287, deviation=0, type=1, type_filling=0, type_time=0, expiration=0, comment='market structure bot', position=0, position_by=0))
2025-04-24 07:09:03,845 - market_structure.bot - INFO - OrderSend result: OrderSendResult(retcode=10009, deal=4204130416, order=4208170523, volume=0.2, price=8473.3, bid=8473.3, ask=8473.5, comment='Request executed', request_id=1551984164, retcode_external=0, request=TradeRequest(action=1, magic=123456, order=0, symbol='Step Index', volume=0.2, price=8473.2, stoplimit=0.0, sl=8474.614285714286, tp=8470.37142857143, deviation=0, type=1, type_filling=0, type_time=0, expiration=0, comment='market structure bot', position=0, position_by=0))
2025-04-24 07:10:04,874 - market_structure.bot - INFO - OrderSend result: OrderSendResult(retcode=10009, deal=4204130985, order=4208171096, volume=0.2, price=8472.6, bid=8472.6, ask=8472.8, comment='Request executed', request_id=1551984165, retcode_external=0, request=TradeRequest(action=1, magic=123456, order=0, symbol='Step Index', volume=0.2, price=8472.7, stoplimit=0.0, sl=8474.135714285714, tp=8469.828571428574, deviation=0, type=1, type_filling=0, type_time=0, expiration=0, comment='market structure bot', position=0, position_by=0))
2025-04-24 07:11:05,853 - market_structure.bot - INFO - OrderSend result: OrderSendResult(retcode=10009, deal=4204131681, order=4208171779, volume=0.2, price=8472.9, bid=8472.9, ask=8473.1, comment='Request executed', request_id=1551984166, retcode_external=0, request=TradeRequest(action=1, magic=123456, order=0, symbol='Step Index', volume=0.2, price=8473.0, stoplimit=0.0, sl=8474.467857142858, tp=8470.064285714287, deviation=0, type=1, type_filling=0, type_time=0, expiration=0, comment='market structure bot', position=0, position_by=0))
2025-04-24 07:12:06,855 - market_structure.bot - INFO - Position 4208168867 moved to break-even: SL=8472.4
2025-04-24 07:12:07,850 - market_structure.bot - INFO - Position 4208168867 partially closed: 0.1 lots
2025-04-24 07:12:08,872 - market_structure.bot - INFO - Position 4208169653 moved to break-even: SL=8472.3
2025-04-24 07:12:09,852 - market_structure.bot - INFO - Position 4208169653 partially closed: 0.1 lots
2025-04-24 07:12:10,858 - market_structure.bot - INFO - Position 4208170523 moved to break-even: SL=8473.199999999999
2025-04-24 07:12:11,855 - market_structure.bot - INFO - Position 4208170523 partially closed: 0.1 lots
2025-04-24 07:12:12,855 - market_structure.bot - INFO - Position 4208171096 moved to break-even: SL=8472.5
2025-04-24 07:12:13,843 - market_structure.bot - INFO - Position 4208171096 partially closed: 0.1 lots
2025-04-24 07:12:14,859 - market_structure.bot - INFO - Position 4208171779 moved to break-even: SL=8472.8
2025-04-24 07:12:15,863 - market_structure.bot - INFO - Position 4208171779 partially closed: 0.1 lots
2025-04-24 07:14:16,845 - market_structure.bot - INFO - OrderSend result: OrderSendResult(retcode=10009, deal=4204134345, order=4208174452, volume=0.2, price=8471.6, bid=8471.6, ask=8471.8, comment='Request executed', request_id=1551984177, retcode_external=0, request=TradeRequest(action=1, magic=123456, order=0, symbol='Step Index', volume=0.2, price=8471.7, stoplimit=0.0, sl=8473.285714285714, tp=8468.528571428573, deviation=0, type=1, type_filling=0, type_time=0, expiration=0, comment='market structure bot', position=0, position_by=0))
2025-04-24 07:15:17,846 - market_structure.bot - INFO - OrderSend result: OrderSendResult(retcode=10009, deal=4204135033, order=4208175150, volume=0.2, price=8471.3, bid=8471.3, ask=8471.5, comment='Request executed', request_id=1551984178, retcode_external=0, request=TradeRequest(action=1, magic=123456, order=0, symbol='Step Index', volume=0.2, price=8471.4, stoplimit=0.0, sl=8473.017857142857, tp=8468.164285714287, deviation=0, type=1, type_filling=0, type_time=0, expiration=0, comment='market structure bot', position=0, position_by=0))
2025-04-24 07:15:58,528 - market_structure.bot - INFO - Configured timeframes: ['TIMEFRAME_H4', 'TIMEFRAME_M30', 'TIMEFRAME_M15', 'TIMEFRAME_M1']
2025-04-24 07:16:04,065 - market_structure.bot - INFO - Configured timeframes: ['TIMEFRAME_H4', 'TIMEFRAME_M30', 'TIMEFRAME_M15', 'TIMEFRAME_M1']
2025-04-24 07:24:05,086 - market_structure.bot - INFO - Configured timeframes: ['TIMEFRAME_H4', 'TIMEFRAME_M30', 'TIMEFRAME_M15', 'TIMEFRAME_M1']
2025-04-24 07:25:03,852 - market_structure.bot - INFO - Configured timeframes: ['TIMEFRAME_H4', 'TIMEFRAME_M30', 'TIMEFRAME_M15', 'TIMEFRAME_M1']
2025-04-24 07:27:12,106 - market_structure.bot - INFO - Configured timeframes: ['TIMEFRAME_H4', 'TIMEFRAME_M30', 'TIMEFRAME_M15', 'TIMEFRAME_M1']
2025-04-24 07:27:36,832 - market_structure.bot - INFO - Configured timeframes: ['TIMEFRAME_H4', 'TIMEFRAME_M30', 'TIMEFRAME_M15', 'TIMEFRAME_M1']
2025-04-24 07:33:25,307 - market_structure.bot - INFO - Configured timeframes: ['TIMEFRAME_H4', 'TIMEFRAME_M30', 'TIMEFRAME_M15', 'TIMEFRAME_M1']
2025-04-24 07:33:36,927 - market_structure.bot - INFO - Configured timeframes: ['TIMEFRAME_H4', 'TIMEFRAME_M30', 'TIMEFRAME_M15', 'TIMEFRAME_M1']
2025-04-24 07:40:44,590 - market_structure.bot - INFO - Configured timeframes: ['TIMEFRAME_H4', 'TIMEFRAME_M30', 'TIMEFRAME_M15', 'TIMEFRAME_M1']
2025-04-24 07:44:43,773 - market_structure.bot - INFO - Configured timeframes: ['TIMEFRAME_H4', 'TIMEFRAME_M30', 'TIMEFRAME_M15', 'TIMEFRAME_M1']
2025-04-24 07:44:44,236 - market_structure.bot - INFO - Configured timeframes: ['TIMEFRAME_H4', 'TIMEFRAME_M30', 'TIMEFRAME_M15', 'TIMEFRAME_M1']
2025-04-24 07:47:09,295 - market_structure.bot - INFO - Bot starting...
2025-04-24 07:47:09,852 - market_structure.bot - INFO - OrderSend result: OrderSendResult(retcode=10009, deal=4204154387, order=4208194731, volume=0.2, price=8469.7, bid=8469.7, ask=8469.9, comment='Request executed', request_id=1551984179, retcode_external=0, request=TradeRequest(action=1, magic=123456, order=0, symbol='Step Index', volume=0.2, price=8469.6, stoplimit=0.0, sl=8471.207142857143, tp=8466.385714285714, deviation=0, type=1, type_filling=0, type_time=0, expiration=0, comment='market structure bot', position=0, position_by=0))
2025-04-24 07:48:10,853 - market_structure.bot - INFO - OrderSend result: OrderSendResult(retcode=10009, deal=4204155029, order=4208195376, volume=0.2, price=8470.4, bid=8470.4, ask=8470.6, comment='Request executed', request_id=1551984180, retcode_external=0, request=TradeRequest(action=1, magic=123456, order=0, symbol='Step Index', volume=0.2, price=8470.5, stoplimit=0.0, sl=8472.085714285715, tp=8467.328571428572, deviation=0, type=1, type_filling=0, type_time=0, expiration=0, comment='market structure bot', position=0, position_by=0))
2025-04-24 07:49:10,854 - market_structure.bot - ERROR - Error moving position 4208195376 to break-even: 10016
2025-04-24 07:49:11,849 - market_structure.bot - INFO - OrderSend result: OrderSendResult(retcode=10009, deal=4204155465, order=4208195823, volume=0.2, price=8469.5, bid=8469.5, ask=8469.7, comment='Request executed', request_id=1551984181, retcode_external=0, request=TradeRequest(action=1, magic=123456, order=0, symbol='Step Index', volume=0.2, price=8469.6, stoplimit=0.0, sl=8471.175000000001, tp=8466.45, deviation=0, type=1, type_filling=0, type_time=0, expiration=0, comment='market structure bot', position=0, position_by=0))
2025-04-24 07:50:10,857 - market_structure.bot - INFO - Configured timeframes: ['TIMEFRAME_M15']
2025-04-24 07:50:31,574 - market_structure.bot - INFO - Configured timeframes: ['TIMEFRAME_M15']
2025-04-24 07:53:45,535 - market_structure.bot - INFO - Bot starting...
2025-04-24 07:55:45,587 - market_structure.bot - INFO - Bot stopping...
2025-04-24 07:56:48,406 - market_structure.bot - INFO - Bot starting...
2025-04-24 07:59:55,847 - market_structure.bot - INFO - Configured timeframes: ['TIMEFRAME_H4', 'TIMEFRAME_M30', 'TIMEFRAME_M15', 'TIMEFRAME_M1']
2025-04-24 08:00:09,536 - market_structure.bot - INFO - Configured timeframes: ['TIMEFRAME_H4', 'TIMEFRAME_M30', 'TIMEFRAME_M15', 'TIMEFRAME_M1']
2025-04-24 08:00:28,252 - market_structure.bot - INFO - Configured timeframes: ['TIMEFRAME_H4', 'TIMEFRAME_M30', 'TIMEFRAME_M15', 'TIMEFRAME_M1']
2025-04-24 08:02:59,040 - market_structure.bot - INFO - Bot starting...
2025-04-24 08:02:59,856 - market_structure.bot - INFO - OrderSend result: OrderSendResult(retcode=10009, deal=4204163564, order=4208203956, volume=0.2, price=8472.7, bid=8472.7, ask=8472.9, comment='Request executed', request_id=1551984182, retcode_external=0, request=TradeRequest(action=1, magic=123456, order=0, symbol='Step Index', volume=0.2, price=8472.6, stoplimit=0.0, sl=8474.164285714287, tp=8469.471428571429, deviation=0, type=1, type_filling=0, type_time=0, expiration=0, comment='market structure bot', position=0, position_by=0))
2025-04-24 08:04:00,886 - market_structure.bot - INFO - OrderSend result: OrderSendResult(retcode=10009, deal=4204164471, order=4208204845, volume=0.2, price=8472.8, bid=8472.8, ask=8473.0, comment='Request executed', request_id=1551984183, retcode_external=0, request=TradeRequest(action=1, magic=123456, order=0, symbol='Step Index', volume=0.2, price=8472.7, stoplimit=0.0, sl=8474.189285714287, tp=8469.721428571429, deviation=0, type=1, type_filling=0, type_time=0, expiration=0, comment='market structure bot', position=0, position_by=0))
2025-04-24 08:05:01,874 - market_structure.bot - INFO - Position 4208203956 moved to break-even: SL=8472.6
2025-04-24 08:05:02,880 - market_structure.bot - INFO - Position 4208203956 partially closed: 0.1 lots
2025-04-24 08:05:03,863 - market_structure.bot - INFO - Position 4208204845 moved to break-even: SL=8472.699999999999
2025-04-24 08:05:04,891 - market_structure.bot - INFO - Position 4208204845 partially closed: 0.1 lots
2025-04-24 08:05:05,863 - market_structure.bot - INFO - OrderSend result: OrderSendResult(retcode=10009, deal=4204165111, order=4208205486, volume=0.2, price=8471.3, bid=8471.3, ask=8471.5, comment='Request executed', request_id=1551984188, retcode_external=0, request=TradeRequest(action=1, magic=123456, order=0, symbol='Step Index', volume=0.2, price=8471.2, stoplimit=0.0, sl=8472.667857142858, tp=8468.264285714287, deviation=0, type=1, type_filling=0, type_time=0, expiration=0, comment='market structure bot', position=0, position_by=0))
2025-04-24 08:07:43,776 - market_structure.bot - INFO - Configured timeframes: ['TIMEFRAME_H4', 'TIMEFRAME_M30', 'TIMEFRAME_M15', 'TIMEFRAME_M1']
2025-04-24 08:07:44,213 - market_structure.bot - INFO - Configured timeframes: ['TIMEFRAME_H4', 'TIMEFRAME_M30', 'TIMEFRAME_M15', 'TIMEFRAME_M1']
2025-04-24 08:09:24,436 - market_structure.bot - INFO - Configured timeframes: ['TIMEFRAME_H4', 'TIMEFRAME_M30', 'TIMEFRAME_M15', 'TIMEFRAME_M1']
2025-04-24 08:09:44,304 - market_structure.bot - INFO - Configured timeframes: ['TIMEFRAME_H4', 'TIMEFRAME_M30', 'TIMEFRAME_M15', 'TIMEFRAME_M1']
2025-04-24 08:11:44,818 - market_structure.bot - INFO - Configured timeframes: ['TIMEFRAME_H4', 'TIMEFRAME_M30', 'TIMEFRAME_M15', 'TIMEFRAME_M1']
2025-04-24 08:11:57,469 - market_structure.bot - INFO - Configured timeframes: ['TIMEFRAME_H4', 'TIMEFRAME_M30', 'TIMEFRAME_M15', 'TIMEFRAME_M1']
2025-04-24 08:13:14,593 - market_structure.bot - INFO - Configured timeframes: ['TIMEFRAME_H4', 'TIMEFRAME_M30', 'TIMEFRAME_M15', 'TIMEFRAME_M1']
2025-04-24 08:13:54,453 - market_structure.bot - INFO - Configured timeframes: ['TIMEFRAME_H4', 'TIMEFRAME_M30', 'TIMEFRAME_M15', 'TIMEFRAME_M1']
2025-04-24 08:14:20,673 - market_structure.bot - INFO - Bot starting...
2025-04-24 08:14:21,844 - market_structure.bot - INFO - OrderSend result: OrderSendResult(retcode=10009, deal=4204170624, order=4208211080, volume=0.2, price=8476.7, bid=8476.7, ask=8476.9, comment='Request executed', request_id=1551984192, retcode_external=0, request=TradeRequest(action=1, magic=123456, order=0, symbol='Step Index', volume=0.2, price=8476.5, stoplimit=0.0, sl=8478.267857142857, tp=8472.964285714288, deviation=0, type=1, type_filling=0, type_time=0, expiration=0, comment='market structure bot', position=0, position_by=0))
2025-04-24 08:15:08,917 - market_structure.bot - INFO - Configured timeframes: ['TIMEFRAME_H4', 'TIMEFRAME_M30', 'TIMEFRAME_M15', 'TIMEFRAME_M1']
2025-04-24 08:17:24,558 - market_structure.bot - INFO - Configured timeframes: ['TIMEFRAME_H4', 'TIMEFRAME_M30', 'TIMEFRAME_M15', 'TIMEFRAME_M1']
2025-04-24 08:17:55,385 - market_structure.bot - INFO - Configured timeframes: ['TIMEFRAME_H4', 'TIMEFRAME_M30', 'TIMEFRAME_M15', 'TIMEFRAME_M1']
2025-04-24 08:30:22,005 - market_structure.bot - INFO - Configured timeframes: ['TIMEFRAME_H4', 'TIMEFRAME_M30', 'TIMEFRAME_M15', 'TIMEFRAME_M1']
2025-04-24 08:30:23,599 - market_structure.bot - INFO - Configured timeframes: ['TIMEFRAME_H4', 'TIMEFRAME_M30', 'TIMEFRAME_M15', 'TIMEFRAME_M1']
2025-04-24 08:30:30,886 - market_structure.bot - DEBUG - check_break: received empty bars list
2025-04-24 08:30:34,416 - market_structure.bot - DEBUG - check_break: received empty bars list
2025-04-24 08:31:13,351 - market_structure.bot - INFO - Configured timeframes: ['TIMEFRAME_H4', 'TIMEFRAME_M30', 'TIMEFRAME_M15', 'TIMEFRAME_M1']
2025-04-24 08:31:15,461 - market_structure.bot - DEBUG - check_break: received empty bars list
2025-04-24 08:31:15,461 - market_structure.bot - DEBUG - check_break: received empty bars list
2025-04-24 08:31:15,461 - market_structure.bot - DEBUG - check_break: received empty bars list
2025-04-24 08:31:15,462 - market_structure.bot - DEBUG - check_break: received empty bars list
2025-04-24 08:31:35,993 - market_structure.bot - INFO - Bot starting...
2025-04-24 08:31:36,016 - market_structure.bot - ERROR - Failed to select symbol XUAUSD
2025-04-24 08:31:36,099 - market_structure.bot - DEBUG - check_break: received empty bars list
2025-04-24 08:31:36,099 - market_structure.bot - DEBUG - check_break: received empty bars list
2025-04-24 08:31:36,100 - market_structure.bot - DEBUG - check_break: received empty bars list
2025-04-24 08:31:36,100 - market_structure.bot - DEBUG - check_break: received empty bars list
2025-04-24 08:31:38,220 - market_structure.bot - DEBUG - check_break: received empty bars list
2025-04-24 08:31:38,220 - market_structure.bot - DEBUG - check_break: received empty bars list
2025-04-24 08:31:38,220 - market_structure.bot - DEBUG - check_break: received empty bars list
2025-04-24 08:31:38,221 - market_structure.bot - DEBUG - check_break: received empty bars list
2025-04-24 08:31:39,714 - market_structure.bot - DEBUG - check_break: received empty bars list
2025-04-24 08:31:39,715 - market_structure.bot - DEBUG - check_break: received empty bars list
2025-04-24 08:31:39,715 - market_structure.bot - DEBUG - check_break: received empty bars list
2025-04-24 08:31:39,716 - market_structure.bot - DEBUG - check_break: received empty bars list
2025-04-24 08:31:40,251 - market_structure.bot - DEBUG - check_break: received empty bars list
2025-04-24 08:31:40,252 - market_structure.bot - DEBUG - check_break: received empty bars list
2025-04-24 08:31:40,252 - market_structure.bot - DEBUG - check_break: received empty bars list
2025-04-24 08:31:40,252 - market_structure.bot - DEBUG - check_break: received empty bars list
2025-04-24 08:33:13,580 - market_structure.bot - INFO - Configured timeframes: ['TIMEFRAME_H4', 'TIMEFRAME_M30', 'TIMEFRAME_M15', 'TIMEFRAME_M1']
2025-04-24 08:33:15,153 - market_structure.bot - INFO - Configured timeframes: ['TIMEFRAME_H4', 'TIMEFRAME_M30', 'TIMEFRAME_M15', 'TIMEFRAME_M1']
2025-04-24 08:38:21,739 - market_structure.bot - INFO - Bot starting...
2025-04-24 08:38:22,853 - market_structure.bot - INFO - OrderSend result: OrderSendResult(retcode=10009, deal=4204186385, order=4208227209, volume=0.5, price=1532.11, bid=1532.11, ask=1532.54, comment='Request executed', request_id=1551984195, retcode_external=0, request=TradeRequest(action=1, magic=123456, order=0, symbol='Volatility 100 Index', volume=0.5, price=1532.0, stoplimit=0.0, sl=1536.044642857143, tp=1523.9107142857142, deviation=0, type=1, type_filling=0, type_time=0, expiration=0, comment='market structure bot', position=0, position_by=0))
2025-04-24 08:39:22,855 - market_structure.bot - ERROR - Error moving position 4208227209 to break-even: 10016
2025-04-24 08:39:22,856 - market_structure.bot - ERROR - Error partially closing position 4208227209: 10014
2025-04-24 08:39:24,850 - market_structure.bot - INFO - OrderSend result: OrderSendResult(retcode=10009, deal=4204187129, order=4208227985, volume=0.5, price=1530.99, bid=1530.99, ask=1531.42, comment='Request executed', request_id=1551984196, retcode_external=0, request=TradeRequest(action=1, magic=123456, order=0, symbol='Volatility 100 Index', volume=0.5, price=1530.77, stoplimit=0.0, sl=1534.6367857142857, tp=1523.0364285714286, deviation=0, type=1, type_filling=0, type_time=0, expiration=0, comment='market structure bot', position=0, position_by=0))
2025-04-24 08:40:24,851 - market_structure.bot - INFO - Bot stopping...
2025-04-24 08:42:54,494 - market_structure.bot - INFO - Configured timeframes: ['TIMEFRAME_H4', 'TIMEFRAME_M30', 'TIMEFRAME_M15', 'TIMEFRAME_M1']
2025-04-24 08:43:09,106 - market_structure.bot - INFO - Configured timeframes: ['TIMEFRAME_H4', 'TIMEFRAME_M30', 'TIMEFRAME_M15', 'TIMEFRAME_M1']
2025-04-24 08:43:31,099 - market_structure.bot - INFO - Configured timeframes: ['TIMEFRAME_H4', 'TIMEFRAME_M30', 'TIMEFRAME_M15', 'TIMEFRAME_M1']
2025-04-24 08:43:31,526 - market_structure.bot - INFO - Configured timeframes: ['TIMEFRAME_H4', 'TIMEFRAME_M30', 'TIMEFRAME_M15', 'TIMEFRAME_M1']
2025-04-24 08:47:46,643 - market_structure.bot - INFO - Configured timeframes: ['TIMEFRAME_H4', 'TIMEFRAME_M30', 'TIMEFRAME_M15', 'TIMEFRAME_M1']
2025-04-24 08:48:21,922 - market_structure.bot - INFO - Configured timeframes: ['TIMEFRAME_H4', 'TIMEFRAME_M30', 'TIMEFRAME_M15', 'TIMEFRAME_M1']
2025-04-24 08:52:26,111 - market_structure.bot - INFO - Bot starting...
2025-04-24 08:55:26,193 - market_structure.bot - INFO - OrderSend result: OrderSendResult(retcode=10016, deal=0, order=0, volume=0.0, price=0.0, bid=0.0, ask=0.0, comment='Invalid stops', request_id=0, retcode_external=0, request=TradeRequest(action=1, magic=123456, order=0, symbol='EURUSD', volume=0.05, price=1.13403, stoplimit=0.0, sl=1.1338264285714288, tp=1.134437142857143, deviation=0, type=0, type_filling=0, type_time=0, expiration=0, comment='market structure bot', position=0, position_by=0))
2025-04-24 08:56:26,206 - market_structure.bot - INFO - OrderSend result: OrderSendResult(retcode=10016, deal=0, order=0, volume=0.0, price=0.0, bid=0.0, ask=0.0, comment='Invalid stops', request_id=0, retcode_external=0, request=TradeRequest(action=1, magic=123456, order=0, symbol='EURUSD', volume=0.05, price=1.13415, stoplimit=0.0, sl=1.1339560714285715, tp=1.134537857142857, deviation=0, type=0, type_filling=0, type_time=0, expiration=0, comment='market structure bot', position=0, position_by=0))
2025-04-24 08:57:26,219 - market_structure.bot - INFO - OrderSend result: OrderSendResult(retcode=10016, deal=0, order=0, volume=0.0, price=0.0, bid=0.0, ask=0.0, comment='Invalid stops', request_id=0, retcode_external=0, request=TradeRequest(action=1, magic=123456, order=0, symbol='EURUSD', volume=0.05, price=1.13403, stoplimit=0.0, sl=1.1338307142857145, tp=1.1344285714285716, deviation=0, type=0, type_filling=0, type_time=0, expiration=0, comment='market structure bot', position=0, position_by=0))
2025-04-24 08:58:26,232 - market_structure.bot - INFO - OrderSend result: OrderSendResult(retcode=10016, deal=0, order=0, volume=0.0, price=0.0, bid=0.0, ask=0.0, comment='Invalid stops', request_id=0, retcode_external=0, request=TradeRequest(action=1, magic=123456, order=0, symbol='EURUSD', volume=0.05, price=1.13413, stoplimit=0.0, sl=1.1339275000000002, tp=1.134535, deviation=0, type=0, type_filling=0, type_time=0, expiration=0, comment='market structure bot', position=0, position_by=0))
2025-04-24 08:59:26,245 - market_structure.bot - INFO - OrderSend result: OrderSendResult(retcode=10016, deal=0, order=0, volume=0.0, price=0.0, bid=0.0, ask=0.0, comment='Invalid stops', request_id=0, retcode_external=0, request=TradeRequest(action=1, magic=123456, order=0, symbol='EURUSD', volume=0.05, price=1.13406, stoplimit=0.0, sl=1.1338425, tp=1.134495, deviation=0, type=0, type_filling=0, type_time=0, expiration=0, comment='market structure bot', position=0, position_by=0))
2025-04-24 09:00:26,255 - market_structure.bot - INFO - OrderSend result: OrderSendResult(retcode=10016, deal=0, order=0, volume=0.0, price=0.0, bid=0.0, ask=0.0, comment='Invalid stops', request_id=0, retcode_external=0, request=TradeRequest(action=1, magic=123456, order=0, symbol='EURUSD', volume=0.05, price=1.13409, stoplimit=0.0, sl=1.1338703571428572, tp=1.1345292857142857, deviation=0, type=0, type_filling=0, type_time=0, expiration=0, comment='market structure bot', position=0, position_by=0))
2025-04-24 09:03:26,288 - market_structure.bot - INFO - Bot stopping...
2025-04-24 09:03:44,585 - market_structure.bot - INFO - Bot starting...
2025-04-24 09:38:27,236 - market_structure.bot - INFO - Configured timeframes: ['TIMEFRAME_H4', 'TIMEFRAME_M30', 'TIMEFRAME_M15', 'TIMEFRAME_M1']
2025-04-24 09:41:44,137 - market_structure.bot - INFO - Configured timeframes: ['TIMEFRAME_H4', 'TIMEFRAME_M30', 'TIMEFRAME_M15', 'TIMEFRAME_M1']
2025-04-24 09:45:01,415 - market_structure.bot - INFO - Bot starting...
2025-04-24 09:45:01,867 - market_structure.bot - INFO - OrderSend result: OrderSendResult(retcode=10009, deal=4204243077, order=4208285276, volume=0.2, price=8467.7, bid=8467.7, ask=8467.9, comment='Request executed', request_id=1551984197, retcode_external=0, request=TradeRequest(action=1, magic=123456, order=0, symbol='Step Index', volume=0.2, price=8467.8, stoplimit=0.0, sl=8469.407142857142, tp=8464.585714285713, deviation=0, type=1, type_filling=0, type_time=0, expiration=0, comment='market structure bot', position=0, position_by=0))
2025-04-24 09:46:02,878 - market_structure.bot - INFO - OrderSend result: OrderSendResult(retcode=10009, deal=4204244056, order=4208286282, volume=0.2, price=8467.8, bid=8467.8, ask=8468.0, comment='Request executed', request_id=1551984198, retcode_external=0, request=TradeRequest(action=1, magic=123456, order=0, symbol='Step Index', volume=0.2, price=8467.7, stoplimit=0.0, sl=8469.35, tp=8464.400000000001, deviation=0, type=1, type_filling=0, type_time=0, expiration=0, comment='market structure bot', position=0, position_by=0))
2025-04-24 09:47:02,885 - market_structure.bot - ERROR - Error moving position 4208286282 to break-even: 10016
2025-04-24 09:47:03,867 - market_structure.bot - INFO - OrderSend result: OrderSendResult(retcode=10009, deal=4204244936, order=4208287144, volume=0.2, price=8467.1, bid=8467.1, ask=8467.3, comment='Request executed', request_id=1551984199, retcode_external=0, request=TradeRequest(action=1, magic=123456, order=0, symbol='Step Index', volume=0.2, price=8467.2, stoplimit=0.0, sl=8468.828571428572, tp=8463.942857142858, deviation=0, type=1, type_filling=0, type_time=0, expiration=0, comment='market structure bot', position=0, position_by=0))
2025-04-24 09:48:04,868 - market_structure.bot - INFO - Position 4208285276 moved to break-even: SL=8467.6
2025-04-24 09:48:05,872 - market_structure.bot - INFO - Position 4208285276 partially closed: 0.1 lots
2025-04-24 09:48:06,874 - market_structure.bot - INFO - Position 4208286282 moved to break-even: SL=8467.699999999999
2025-04-24 09:48:07,890 - market_structure.bot - INFO - Position 4208286282 partially closed: 0.1 lots
2025-04-24 09:48:07,893 - market_structure.bot - ERROR - Error moving position 4208287144 to break-even: 10016
2025-04-24 09:48:08,874 - market_structure.bot - INFO - OrderSend result: OrderSendResult(retcode=10009, deal=4204245910, order=4208288120, volume=0.2, price=8466.2, bid=8466.2, ask=8466.4, comment='Request executed', request_id=1551984204, retcode_external=0, request=TradeRequest(action=1, magic=123456, order=0, symbol='Step Index', volume=0.2, price=8466.1, stoplimit=0.0, sl=8467.792857142857, tp=8462.714285714286, deviation=0, type=1, type_filling=0, type_time=0, expiration=0, comment='market structure bot', position=0, position_by=0))
2025-04-24 09:49:09,878 - market_structure.bot - INFO - OrderSend result: OrderSendResult(retcode=10009, deal=4204246922, order=4208289132, volume=0.2, price=8467.3, bid=8467.3, ask=8467.5, comment='Request executed', request_id=1551984205, retcode_external=0, request=TradeRequest(action=1, magic=123456, order=0, symbol='Step Index', volume=0.2, price=8467.2, stoplimit=0.0, sl=8468.892857142857, tp=8463.814285714287, deviation=0, type=1, type_filling=0, type_time=0, expiration=0, comment='market structure bot', position=0, position_by=0))
2025-04-24 09:50:10,861 - market_structure.bot - INFO - OrderSend result: OrderSendResult(retcode=10009, deal=4204248091, order=4208290339, volume=0.2, price=8468.2, bid=8468.2, ask=8468.4, comment='Request executed', request_id=1551984206, retcode_external=0, request=TradeRequest(action=1, magic=123456, order=0, symbol='Step Index', volume=0.2, price=8468.1, stoplimit=0.0, sl=8469.814285714285, tp=8464.67142857143, deviation=0, type=1, type_filling=0, type_time=0, expiration=0, comment='market structure bot', position=0, position_by=0))
2025-04-24 09:51:10,863 - market_structure.bot - ERROR - Error moving position 4208290339 to break-even: 10016
2025-04-24 09:51:11,862 - market_structure.bot - INFO - OrderSend result: OrderSendResult(retcode=10009, deal=4204248853, order=4208291116, volume=0.2, price=8467.3, bid=8467.3, ask=8467.5, comment='Request executed', request_id=1551984207, retcode_external=0, request=TradeRequest(action=1, magic=123456, order=0, symbol='Step Index', volume=0.2, price=8467.4, stoplimit=0.0, sl=8469.146428571428, tp=8463.907142857144, deviation=0, type=1, type_filling=0, type_time=0, expiration=0, comment='market structure bot', position=0, position_by=0))
2025-04-24 09:52:11,865 - market_structure.bot - ERROR - Error moving position 4208289132 to break-even: 10016
2025-04-24 09:52:12,876 - market_structure.bot - INFO - Position 4208290339 moved to break-even: SL=8468.1
2025-04-24 09:52:13,859 - market_structure.bot - INFO - Position 4208290339 partially closed: 0.1 lots
2025-04-24 09:52:13,859 - market_structure.bot - ERROR - Error moving position 4208291116 to break-even: 10016
2025-04-24 09:52:14,876 - market_structure.bot - INFO - OrderSend result: OrderSendResult(retcode=10009, deal=4204249761, order=4208292028, volume=0.2, price=8466.6, bid=8466.6, ask=8466.8, comment='Request executed', request_id=1551984210, retcode_external=0, request=TradeRequest(action=1, magic=123456, order=0, symbol='Step Index', volume=0.2, price=8466.5, stoplimit=0.0, sl=8468.321428571428, tp=8462.857142857143, deviation=0, type=1, type_filling=0, type_time=0, expiration=0, comment='market structure bot', position=0, position_by=0))
2025-04-24 09:53:15,862 - market_structure.bot - INFO - Position 4208287144 moved to break-even: SL=8467.0
2025-04-24 09:53:16,910 - market_structure.bot - INFO - Position 4208287144 partially closed: 0.1 lots
2025-04-24 09:53:17,850 - market_structure.bot - INFO - Position 4208289132 moved to break-even: SL=8467.199999999999
2025-04-24 09:53:18,873 - market_structure.bot - INFO - Position 4208289132 partially closed: 0.1 lots
2025-04-24 09:53:19,842 - market_structure.bot - INFO - Position 4208291116 moved to break-even: SL=8467.199999999999
2025-04-24 09:53:20,852 - market_structure.bot - INFO - Position 4208291116 partially closed: 0.1 lots
2025-04-24 09:53:21,863 - market_structure.bot - INFO - Position 4208292028 moved to break-even: SL=8466.5
2025-04-24 09:53:22,861 - market_structure.bot - INFO - Position 4208292028 partially closed: 0.1 lots
2025-04-24 09:54:23,854 - market_structure.bot - INFO - OrderSend result: OrderSendResult(retcode=10009, deal=4204251933, order=4208294233, volume=0.2, price=8466.3, bid=8466.3, ask=8466.5, comment='Request executed', request_id=1551984219, retcode_external=0, request=TradeRequest(action=1, magic=123456, order=0, symbol='Step Index', volume=0.2, price=8466.2, stoplimit=0.0, sl=8467.892857142857, tp=8462.814285714287, deviation=0, type=1, type_filling=0, type_time=0, expiration=0, comment='market structure bot', position=0, position_by=0))
2025-04-24 09:56:24,907 - market_structure.bot - INFO - OrderSend result: OrderSendResult(retcode=10009, deal=4204253882, order=4208296188, volume=0.2, price=8467.0, bid=8467.0, ask=8467.2, comment='Request executed', request_id=1551984220, retcode_external=0, request=TradeRequest(action=1, magic=123456, order=0, symbol='Step Index', volume=0.2, price=8466.9, stoplimit=0.0, sl=8468.689285714285, tp=8463.32142857143, deviation=0, type=1, type_filling=0, type_time=0, expiration=0, comment='market structure bot', position=0, position_by=0))
2025-04-24 09:57:25,865 - market_structure.bot - INFO - OrderSend result: OrderSendResult(retcode=10009, deal=4204254746, order=4208297063, volume=0.2, price=8468.1, bid=8468.1, ask=8468.3, comment='Request executed', request_id=1551984221, retcode_external=0, request=TradeRequest(action=1, magic=123456, order=0, symbol='Step Index', volume=0.2, price=8468.0, stoplimit=0.0, sl=8469.832142857143, tp=8464.335714285715, deviation=0, type=1, type_filling=0, type_time=0, expiration=0, comment='market structure bot', position=0, position_by=0))
2025-04-24 09:57:59,932 - market_structure.bot - INFO - Configured timeframes: ['TIMEFRAME_H4', 'TIMEFRAME_M30', 'TIMEFRAME_M15', 'TIMEFRAME_M1']
2025-04-24 09:58:09,902 - market_structure.bot - INFO - Configured timeframes: ['TIMEFRAME_H4', 'TIMEFRAME_M30', 'TIMEFRAME_M15', 'TIMEFRAME_M1']
2025-04-24 09:58:37,022 - market_structure.bot - INFO - Configured timeframes: ['TIMEFRAME_H4', 'TIMEFRAME_M30', 'TIMEFRAME_M15', 'TIMEFRAME_M1']
2025-04-24 09:58:41,955 - market_structure.bot - INFO - Configured timeframes: ['TIMEFRAME_H4', 'TIMEFRAME_M30', 'TIMEFRAME_M15', 'TIMEFRAME_M1']
2025-04-24 09:58:53,034 - market_structure.bot - INFO - Configured timeframes: ['TIMEFRAME_H4', 'TIMEFRAME_M30', 'TIMEFRAME_M15', 'TIMEFRAME_M1']
2025-04-24 10:00:48,490 - market_structure.bot - INFO - Configured timeframes: ['TIMEFRAME_H4', 'TIMEFRAME_M30', 'TIMEFRAME_M15', 'TIMEFRAME_M1']
2025-04-24 10:01:56,961 - market_structure.bot - INFO - Configured timeframes: ['TIMEFRAME_H4', 'TIMEFRAME_M30', 'TIMEFRAME_M15', 'TIMEFRAME_M1']
2025-04-24 10:03:03,399 - market_structure.bot - INFO - Configured timeframes: ['TIMEFRAME_H4', 'TIMEFRAME_M30', 'TIMEFRAME_M15', 'TIMEFRAME_M1']
2025-04-24 10:11:31,217 - market_structure.bot - INFO - Configured timeframes: ['TIMEFRAME_H4', 'TIMEFRAME_M30', 'TIMEFRAME_M15', 'TIMEFRAME_M1']
2025-04-24 10:11:32,045 - market_structure.bot - INFO - Configured timeframes: ['TIMEFRAME_H4', 'TIMEFRAME_M30', 'TIMEFRAME_M15', 'TIMEFRAME_M1']
2025-04-24 10:28:57,626 - market_structure.bot - INFO - Configured timeframes: ['TIMEFRAME_H4', 'TIMEFRAME_M30', 'TIMEFRAME_M15', 'TIMEFRAME_M1']
2025-04-24 10:29:15,737 - market_structure.bot - INFO - Configured timeframes: ['TIMEFRAME_H4', 'TIMEFRAME_M30', 'TIMEFRAME_M15', 'TIMEFRAME_M1']
